Connection Event: Carrier Detect found. 15863    Iridium console active and ready...
Vehicle Name: uivelo
Curr Time: Thu Nov  9 13:05:56 2023 MT:   15862
DR  Location:  5949.175 N  2317.987 E measured      92.14 secs ago
GPS TooFar:   69696969.000 N 69696969.000 E measured     1e+308 secs ago
GPS Invalid :  5949.177 N  2317.998 E measured    171.683 secs ago
GPS Location:  5949.175 N  2317.987 E measured     94.587 secs ago
   sensor:c_autoballast_state(enum)=0              1e+308 secs ago
   sensor:c_climb_bpump(X)=1000                    1e+308 secs ago
   sensor:c_dive_bpump(X)=-1000                    1e+308 secs ago
   sensor:c_iridium_current_num(enum)=0           3320.73 secs ago
   sensor:c_wpt_lat(lat)=5949.17                  765.385 secs ago
   sensor:c_wpt_lon(lon)=2318                     765.464 secs ago
   sensor:m_battery(volts)=12.0704427637288         9.998 secs ago
   sensor:m_bms_aft_current(amp)=0                 1e+308 secs ago
   sensor:m_bms_ebay_current(amp)=0                1e+308 secs ago
   sensor:m_bms_pitch_current(amp)=0               1e+308 secs ago
   sensor:m_coulomb_amphr(amp-hrs)=2.03418731689453      5.656 secs ago
   sensor:m_coulomb_amphr_total(amp-hrs)=200.701743816893      5.677 secs ago
   sensor:m_digifin_leakdetect_reading(nodim)=1023       5.78 secs ago
   sensor:m_iridium_attempt_num(nodim)=5           43.648 secs ago
   sensor:m_iridium_signal_strength(nodim)=5       15.321 secs ago
   sensor:m_leakdetect_voltage(volts)=2.48534798534798     15.158 secs ago
   sensor:m_leakdetect_voltage_forward(volts)=2.47960927960928     15.181 secs ago
   sensor:m_leakdetect_voltage_science(volts)=-1      5.978 secs ago
   sensor:m_lithium_battery_relative_charge(%)=72.1247578032093      5.989 secs ago
   sensor:m_tot_num_inflections(nodim)=5055       177.487 secs ago
   sensor:m_vacuum(inHg)=7.4002652014652           109.09 secs ago
   sensor:m_water_vx(m/s)=-0.0323405250031222     102.854 secs ago
   sensor:m_water_vy(m/s)=-0.023029588887329      102.896 secs ago
   sensor:u_alt_min_depth(m)=2                     1e+308 secs ago
   sensor:u_use_current_correction(nodim)=1        1e+308 secs ago
   sensor:x_last_wpt_lat(lat)=5949.17             766.725 secs ago
   sensor:x_last_wpt_lon(lon)=2317.89             766.785 secs ago
 15865    No login script found for processing.
 15865    DRIVER_ODDITY:iridium:1811:xxx_ctrl() ran too long




Glider uivelo at surface.
Because:pitch not commanded [behavior surface_4 start_when = 2.0]
MissionName:TVR20233.MI MissionNum:uivelo-2023-312-2-11 (0248.0011)
Vehicle Name: uivelo
Curr Time: Thu Nov  9 13:06:24 2023 MT:   15891
DR  Location:  5949.175 N  2317.987 E measured    119.843 secs ago
GPS TooFar:   69696969.000 N 69696969.000 E measured     1e+308 secs ago
GPS Invalid :  5949.177 N  2317.998 E measured    199.386 secs ago
GPS Location:  5949.175 N  2317.987 E measured     122.29 secs ago
   sensor:c_autoballast_state(enum)=0              1e+308 secs ago
   sensor:c_climb_bpump(X)=1000                    1e+308 secs ago
   sensor:c_dive_bpump(X)=-1000                    1e+308 secs ago
   sensor:c_iridium_current_num(enum)=0           3348.32 secs ago
   sensor:c_wpt_lat(lat)=5949.17                  792.948 secs ago
   sensor:c_wpt_lon(lon)=2318                     792.994 secs ago
   sensor:m_battery(volts)=12.0704427637288        37.516 secs ago
   sensor:m_bms_aft_current(amp)=0                 1e+308 secs ago
   sensor:m_bms_ebay_current(amp)=0                1e+308 secs ago
   sensor:m_bms_pitch_current(amp)=0               1e+308 secs ago
   sensor:m_coulomb_amphr(amp-hrs)=2.04012513160706      4.548 secs ago
   sensor:m_coulomb_amphr_total(amp-hrs)=200.707681631605      4.561 secs ago
   sensor:m_digifin_leakdetect_reading(nodim)=1017      9.392 secs ago
   sensor:m_iridium_attempt_num(nodim)=5           71.047 secs ago
   sensor:m_iridium_signal_strength(nodim)=5        42.71 secs ago
   sensor:m_leakdetect_voltage(volts)=2.48534798534798     42.541 secs ago
   sensor:m_leakdetect_voltage_forward(volts)=2.47960927960928     42.557 secs ago
   sensor:m_leakdetect_voltage_science(volts)=-1      4.807 secs ago
   sensor:m_lithium_battery_relative_charge(%)=72.1239331067215      4.812 secs ago
   sensor:m_tot_num_inflections(nodim)=5055       204.836 secs ago
   sensor:m_vacuum(inHg)=8.11310934065934           14.04 secs ago
   sensor:m_water_vx(m/s)=-0.0323405250031222     130.173 secs ago
   sensor:m_water_vy(m/s)=-0.023029588887329      130.206 secs ago
   sensor:u_alt_min_depth(m)=2                     1e+308 secs ago
   sensor:u_use_current_correction(nodim)=1        1e+308 secs ago
   sensor:x_last_wpt_lat(lat)=5949.17             793.964 secs ago
   sensor:x_last_wpt_lon(lon)=2317.89             794.001 secs ago
devices:(t/m/s) errs:   0/   0/   0 warn:   2/   2/   0 odd: 304/ 302/  24
ABORT HISTORY: total since reset: 0

   Hit Control-R to RESUME the mission, i.e. dive!
   Hit Control-C to END    the mission, i.e. GliderDos
   Hit Control-E to extend surface time by 5 minutes.
   Hit Control-W to get device warning reports.
   Hit Control-F to re-read yo, goto_l, surface, sample, drift_ mafiles.
   Hit H <n> <0:1> to Hangup and call back in <n> minutes at 0-primary 1-alternate number.
   Hit S [-f={rf}|{irid] [-num=<n>] [-t=<s>] [filespec ...] to send log files
   Hit ! <GliderDos cmd>  to execute <GliderDos cmd>
   Hit Control-T to consci to science computer when comms ready:
                                               ... communications ready for consci.

Water Velocity Calculations COMPLETE
Waypoint: (5949.1700,2318.0000) Range: 15m, Bearing: 117deg, Age: 0:13h:m
Time until diving is: 171 secs
^C 15900 92 behavior surface_4: User Hit a Control-C, terminating the mission
 15901    behavior surface_4: STATE Active -> Mission Complete

 15901    behavior ?_-1: layered_control(): Mission completed normally
 15901    behavior ?_-1: run_mission(): Mission completed: MS_COMPLETED_NORMALLY(-1)

Vehicle Name: uivelo
Mission Name:   TVR20233.MI
Mission Number: uivelo-2023-312-2-11 (0248.0011)
post_mission_cleanup(): End of Mission
timestamp: Thu Nov  9 13:06:42 2023
 15910    02480011.mlg LOG FILE CLOSED
timestamp: Thu Nov  9 13:06:47 2023
Mission completed normally
Mission end: grun_mission() TVR20233.MI uivelo-2023-312-2-11 (0248.0011)


GliderDos N -1 >
Vehicle Name: uivelo
 15914 92 GliderDos: No keystroke heard for 0 seconds
          600 seconds to go before running:SEQUENCE -resume_next

GliderDos N -1 >^@Wait4me

Bad command or file name
GliderDos N -1 >W