Connection Event: Carrier Detect found. 14439    Iridium console active and ready...
Vehicle Name: uivelo
Curr Time: Thu Nov  9 12:42:12 2023 MT:   14436
DR  Location:  5949.181 N  2317.999 E measured    108.954 secs ago
GPS TooFar:   69696969.000 N 69696969.000 E measured     1e+308 secs ago
GPS Invalid :  5949.169 N  2317.883 E measured    183.671 secs ago
GPS Location:  5949.181 N  2317.998 E measured    110.558 secs ago
   sensor:c_autoballast_state(enum)=0              1e+308 secs ago
   sensor:c_climb_bpump(X)=1000                    1e+308 secs ago
   sensor:c_dive_bpump(X)=-1000                    1e+308 secs ago
   sensor:c_iridium_current_num(enum)=0           1896.86 secs ago
   sensor:c_wpt_lat(lat)=5949.17                  278.989 secs ago
   sensor:c_wpt_lon(lon)=2317.89                  279.061 secs ago
   sensor:m_battery(volts)=12.1066194137769        17.295 secs ago
   sensor:m_bms_aft_current(amp)=0                 1e+308 secs ago
   sensor:m_bms_ebay_current(amp)=0                1e+308 secs ago
   sensor:m_bms_pitch_current(amp)=0               1e+308 secs ago
   sensor:m_coulomb_amphr(amp-hrs)=1.85368740558624      8.392 secs ago
   sensor:m_coulomb_amphr_total(amp-hrs)=200.521243905584      8.413 secs ago
   sensor:m_digifin_leakdetect_reading(nodim)=1023      8.514 secs ago
   sensor:m_iridium_attempt_num(nodim)=3           51.074 secs ago
   sensor:m_iridium_signal_strength(nodim)=4         22.6 secs ago
   sensor:m_leakdetect_voltage(volts)=2.48513431013431      22.46 secs ago
   sensor:m_leakdetect_voltage_forward(volts)=2.47970085470086     22.484 secs ago
   sensor:m_leakdetect_voltage_science(volts)=-1      8.719 secs ago
   sensor:m_lithium_battery_relative_charge(%)=72.1498272353355      8.731 secs ago
   sensor:m_tot_num_inflections(nodim)=5051       190.858 secs ago
   sensor:m_vacuum(inHg)=7.38200842490842         121.204 secs ago
   sensor:m_water_vx(m/s)=-0.0325892792180969     114.994 secs ago
   sensor:m_water_vy(m/s)=-0.0358572519132971     115.034 secs ago
   sensor:u_alt_min_depth(m)=2                     1e+308 secs ago
   sensor:u_use_current_correction(nodim)=1        1e+308 secs ago
   sensor:x_last_wpt_lat(lat)=5949.17             280.348 secs ago
   sensor:x_last_wpt_lon(lon)=2318                280.414 secs ago
 14441    No login script found for processing.
 14441    DRIVER_ODDITY:iridium:1870:xxx_ctrl() ran too long




Glider uivelo at surface.
Because:pitch not commanded [behavior surface_4 start_when = 2.0]
MissionName:TVR20233.MI MissionNum:uivelo-2023-312-2-10 (0248.0010)
Vehicle Name: uivelo
Curr Time: Thu Nov  9 12:42:26 2023 MT:   14453
DR  Location:  5949.181 N  2317.999 E measured    122.908 secs ago
GPS TooFar:   69696969.000 N 69696969.000 E measured     1e+308 secs ago
GPS Invalid :  5949.169 N  2317.883 E measured    197.624 secs ago
GPS Location:  5949.181 N  2317.998 E measured    124.511 secs ago
   sensor:c_autoballast_state(enum)=0              1e+308 secs ago
   sensor:c_climb_bpump(X)=1000                    1e+308 secs ago
   sensor:c_dive_bpump(X)=-1000                    1e+308 secs ago
   sensor:c_iridium_current_num(enum)=0           1910.71 secs ago
   sensor:c_wpt_lat(lat)=5949.17                  292.804 secs ago
   sensor:c_wpt_lon(lon)=2317.89                  292.845 secs ago
   sensor:m_battery(volts)=12.1066194137769        31.067 secs ago
   sensor:m_bms_aft_current(amp)=0                 1e+308 secs ago
   sensor:m_bms_ebay_current(amp)=0                1e+308 secs ago
   sensor:m_bms_pitch_current(amp)=0               1e+308 secs ago
   sensor:m_coulomb_amphr(amp-hrs)=1.85725009441376      4.695 secs ago
   sensor:m_coulomb_amphr_total(amp-hrs)=200.524806594412      4.709 secs ago
   sensor:m_digifin_leakdetect_reading(nodim)=1023      9.636 secs ago
   sensor:m_iridium_attempt_num(nodim)=3           64.731 secs ago
   sensor:m_iridium_signal_strength(nodim)=4       36.243 secs ago
   sensor:m_leakdetect_voltage(volts)=2.48513431013431     36.092 secs ago
   sensor:m_leakdetect_voltage_forward(volts)=2.47970085470086     36.109 secs ago
   sensor:m_leakdetect_voltage_science(volts)=-1      4.954 secs ago
   sensor:m_lithium_battery_relative_charge(%)=72.1493324174428      4.954 secs ago
   sensor:m_tot_num_inflections(nodim)=5051       204.454 secs ago
   sensor:m_vacuum(inHg)=8.06248827838828           9.781 secs ago
   sensor:m_water_vx(m/s)=-0.0325892792180969     128.568 secs ago
   sensor:m_water_vy(m/s)=-0.0358572519132971     128.601 secs ago
   sensor:u_alt_min_depth(m)=2                     1e+308 secs ago
   sensor:u_use_current_correction(nodim)=1        1e+308 secs ago
   sensor:x_last_wpt_lat(lat)=5949.17             293.845 secs ago
   sensor:x_last_wpt_lon(lon)=2318                293.884 secs ago
devices:(t/m/s) errs:   0/   0/   0 warn:   2/   2/   0 odd: 280/ 278/  24
ABORT HISTORY: total since reset: 0

   Hit Control-R to RESUME the mission, i.e. dive!
   Hit Control-C to END    the mission, i.e. GliderDos
   Hit Control-E to extend surface time by 5 minutes.
   Hit Control-W to get device warning reports.
   Hit Control-F to re-read yo, goto_l, surface, sample, drift_ mafiles.
   Hit H <n> <0:1> to Hangup and call back in <n> minutes at 0-primary 1-alternate number.
   Hit S [-f={rf}|{irid] [-num=<n>] [-t=<s>] [filespec ...] to send log files
   Hit ! <GliderDos cmd>  to execute <GliderDos cmd>
   Hit Control-T to consci to science computer when comms ready:
                                               ... communications ready for consci.

Water Velocity Calculations COMPLETE
Waypoint: (5949.1700,2317.8900) Range: 103m, Bearing: 249deg, Age: 0:4h:m
Time until diving is: 173 secs
^W             name in ALLCAPS means CRITICAL device (* => SUPERCRITICAL)
                  [I Installed] [- Not_Installed]
                    [u In_use] [- Not_In_use] [X Out_of_Service]
             name       limits     stats (#total/#mission/#segment)
                        os w/s w/m os       errors      warnings      oddities
 0        simdrvr  -
 1    test_driver  -
 2          ARGOS* I u  -1  20   5  0
 3       WATCHDOG  I u  -1  -1  -1  0
 4        DEADMAN  I u  -1  20   5  0
 5        CONSOLE* I u  -1  20   5  0
 6            GPS  I u  -1  20   5  0
 7         pinger  -
 8       attitude  -
 9  attitude_tcm3  -
10   attitude_rev  I u   3  20   5  0
11 ocean_pressure  I u   3  20   5  0
12         vacuum  I u   3  20   5  0
13        battery  I u   3  20   5  0
14lithium_battery  -
15       air_pump  I u   3  20   5  0
16    pitch_motor  I u   3  20   5  0
17  science_super  I u   3  20   5  0 [   0   0  0] [   0   0  0] [ 252 252 21]
18     roll_motor  -
19    fpitch_pump  -
20      fin_motor  -
21        digifin  I u   3  20   5  0 [   0   0  0] [   2   2  0] [   3   3  0]
22      altimeter  I u   3  20   5  0
23            ctd  -
24        IRIDIUM* I u  -1  20   5  0 [   0   0  0] [   0   0  0] [  25  23  3]
25     leakdetect  I u   3  20   5  0
26       recovery  -
27        coulomb  I u   3  20   5  0
28       veh_temp  I u   3  20   5  0
29  BUOYANCY_PUMP  I u   3  20   3  0
30THERMAL_ACC_PRE  -
31 THERMAL_ENGINE  -
32   THERMAL_PUMP  -
33        DE_PUMP  -
34        HD_PUMP  -
35    thruster_g1  -
36       thruster  -
devices:(t/m/s) errs:   0/   0/   0 warn:   2/   2/   0 odd: 280/ 278/  24


I heard a character ('CR'), but not the right one
There were no pending chars in input buffer to drain.




Glider uivelo at surface.
Because:pitch not commanded [behavior surface_4 start_when = 2.0]
MissionName:TVR20233.MI MissionNum:uivelo-2023-312-2-10 (0248.0010)
Vehicle Name: uivelo
Curr Time: Thu Nov  9 12:43:28 2023 MT:   14515
DR  Location:  5949.181 N  2317.999 E measured    185.129 secs ago
GPS TooFar:   69696969.000 N 69696969.000 E measured     1e+308 secs ago
GPS Invalid :  5949.169 N  2317.883 E measured    259.844 secs ago
GPS Location:  5949.181 N  2317.998 E measured    186.732 secs ago
   sensor:c_autoballast_state(enum)=0              1e+308 secs ago
   sensor:c_climb_bpump(X)=1000                    1e+308 secs ago
   sensor:c_dive_bpump(X)=-1000                    1e+308 secs ago
   sensor:c_iridium_current_num(enum)=0           1972.92 secs ago
   sensor:c_wpt_lat(lat)=5949.17                  355.007 secs ago
   sensor:c_wpt_lon(lon)=2317.89                  355.047 secs ago
   sensor:m_battery(volts)=12.097399230641         31.948 secs ago
   sensor:m_bms_aft_current(amp)=0                 1e+308 secs ago
   sensor:m_bms_ebay_current(amp)=0                1e+308 secs ago
   sensor:m_bms_pitch_current(amp)=0               1e+308 secs ago
   sensor:m_coulomb_amphr(amp-hrs)=1.87150001525879      4.639 secs ago
   sensor:m_coulomb_amphr_total(amp-hrs)=200.539056515257      4.649 secs ago
   sensor:m_digifin_leakdetect_reading(nodim)=1022       4.74 secs ago
   sensor:m_iridium_attempt_num(nodim)=3          126.914 secs ago
   sensor:m_iridium_signal_strength(nodim)=4       98.425 secs ago
   sensor:m_leakdetect_voltage(volts)=2.48174603174603     37.895 secs ago
   sensor:m_leakdetect_voltage_forward(volts)=2.47600732600733     37.906 secs ago
   sensor:m_leakdetect_voltage_science(volts)=-1      4.882 secs ago
   sensor:m_lithium_battery_relative_charge(%)=72.1473532617699      4.887 secs ago
   sensor:m_tot_num_inflections(nodim)=5051        266.63 secs ago
   sensor:m_vacuum(inHg)=8.06248827838828          71.956 secs ago
   sensor:m_water_vx(m/s)=-0.0325892792180969      190.74 secs ago
   sensor:m_water_vy(m/s)=-0.0358572519132971      190.77 secs ago
   sensor:u_alt_min_depth(m)=2                     1e+308 secs ago
   sensor:u_use_current_correction(nodim)=1        1e+308 secs ago
   sensor:x_last_wpt_lat(lat)=5949.17             356.015 secs ago
   sensor:x_last_wpt_lon(lon)=2318                356.054 secs ago
devices:(t/m/s) errs:   0/   0/   0 warn:   2/   2/   0 odd: 280/ 278/  24
ABORT HISTORY: total since reset: 0

   Hit Control-R to RESUME the mission, i.e. dive!
   Hit Control-C to END    the mission, i.e. GliderDos
   Hit Control-E to extend surface time by 5 minutes.
   Hit Control-W to get device warning reports.
   Hit Control-F to re-read yo, goto_l, surface, sample, drift_ mafiles.
   Hit H <n> <0:1> to Hangup and call back in <n> minutes at 0-primary 1-alternate number.
   Hit S [-f={rf}|{irid] [-num=<n>] [-t=<s>] [filespec ...] to send log files
   Hit ! <GliderDos cmd>  to execute <GliderDos cmd>
   Hit Control-T to consci to science computer when comms ready:
                                               ... communications ready for consci.

Water Velocity Calculations COMPLETE
Waypoint: (5949.1700,2317.8900) Range: 103m, Bearing: 249deg, Age: 0:5h:m
Time until diving is: 111 secs
^R 14556 17 behavior surface_4: User typed Control-R, resuming


   I heard a Control-R
   RESUMING MISSION

Megabytes used      on CF file system = 611.500000
Megabytes available on CF file system = 1386.000000
 14560    02480010.mlg LOG FILE CLOSED
Doing system wide housekeeping.......
report_heap_size(): M_FREE_HEAP=89.0K,  M_SPARE_HEAP=70.0K
Running algorithm to free disk space if required
Not necessary to delete any files at this time
Writing longterm state disk file: c:/state/longterm.sta
   f_ocean_pressure_min(volts) 0.177924
   m_avg_climb_rate(m/s) -0.161188
   m_avg_speed(m/s) 0.277480
   m_avg_upward_inflection_time(sec) 32.461525
   m_battery(volts) 12.079925
   m_coulomb_amphr_total(amp-hrs) 200.548557
   m_iridium_call_num(nodim) 5336.000000
   m_iridium_dialed_num(nodim) 8248.000000
   m_lat(lat) 5949.181000
   m_lon(lon) 2317.998500
   m_pump_effective_num_cycles(nodim) 2063.629063
   m_tot_ballast_pumped_energy(kjoules) 5876.144252
   m_tot_horz_dist(km) 4850.134613
   m_tot_num_inflections(nodim) 5051.000000
   m_tot_num_thermal_valve_cmd(nodim) 0.000000
   m_weight_drop(bool) 0.000000
   s_water_depth_avg(m) 200.000000
   s_water_depth_delta(m) 0.000000
   s_water_depth_wavelength(m) 100.000000
   x_hover_ballast_deep(cc) 9.776996
   x_hover_ballast_shallow(cc) 0.000000
   x_hover_depth_deep(m) 24.927389
   x_hover_depth_shallow(m) 0.000000
   x_last_wpt_lat(lat) 5949.170000
   x_last_wpt_lon(lon) 2318.000000
timestamp: Thu Nov  9 12:44:20 2023
The instantaneous lag time between the system and gps clock is -2.0 seconds.
The average lag time between the system and gps clock is -2.1 seconds.
Housekeeping is done
