Connection Event: Carrier Detect found.  8346    Iridium console active and ready...
Vehicle Name: uivelo
Curr Time: Thu Nov  9 11:00:39 2023 MT:    8345
DR  Location:  5949.173 N  2317.988 E measured    189.117 secs ago
GPS TooFar:   69696969.000 N 69696969.000 E measured     1e+308 secs ago
GPS Invalid :  5949.173 N  2317.997 E measured    281.861 secs ago
GPS Location:  5949.173 N  2317.988 E measured    191.544 secs ago
   sensor:c_autoballast_state(enum)=0              1e+308 secs ago
   sensor:c_climb_bpump(X)=1000                    1e+308 secs ago
   sensor:c_dive_bpump(X)=-1000                    1e+308 secs ago
   sensor:c_iridium_current_num(enum)=0            49.229 secs ago
   sensor:c_wpt_lat(lat)=5949.17                  354.879 secs ago
   sensor:c_wpt_lon(lon)=2317.89                   354.95 secs ago
   sensor:m_battery(volts)=12.1292286629179         5.041 secs ago
   sensor:m_bms_aft_current(amp)=0                 1e+308 secs ago
   sensor:m_bms_ebay_current(amp)=0                1e+308 secs ago
   sensor:m_bms_pitch_current(amp)=0               1e+308 secs ago
   sensor:m_coulomb_amphr(amp-hrs)=1.10675001144409      5.365 secs ago
   sensor:m_coulomb_amphr_total(amp-hrs)=199.774306511442      5.385 secs ago
   sensor:m_digifin_leakdetect_reading(nodim)=1023      5.642 secs ago
   sensor:m_iridium_attempt_num(nodim)=1            40.65 secs ago
   sensor:m_iridium_signal_strength(nodim)=4       13.754 secs ago
   sensor:m_leakdetect_voltage(volts)=2.48232600732601      5.431 secs ago
   sensor:m_leakdetect_voltage_forward(volts)=2.47942612942613      5.455 secs ago
   sensor:m_leakdetect_voltage_science(volts)=-1      5.494 secs ago
   sensor:m_lithium_battery_relative_charge(%)=72.2535685400775      5.697 secs ago
   sensor:m_tot_num_inflections(nodim)=5035       294.049 secs ago
   sensor:m_vacuum(inHg)=8.13344075091575          88.532 secs ago
   sensor:m_water_vx(m/s)=-0.031953305947743      200.098 secs ago
   sensor:m_water_vy(m/s)=-0.0405006928048253     200.141 secs ago
   sensor:u_alt_min_depth(m)=2                     1e+308 secs ago
   sensor:u_use_current_correction(nodim)=1        1e+308 secs ago
   sensor:x_last_wpt_lat(lat)=5949.17             356.241 secs ago
   sensor:x_last_wpt_lon(lon)=2318                356.307 secs ago
  8348    No login script found for processing.
  8348    DRIVER_ODDITY:iridium:1858:xxx_ctrl() ran too long




Glider uivelo at surface.
Because:pitch not commanded [behavior surface_4 start_when = 2.0]
MissionName:TVR20233.MI MissionNum:uivelo-2023-312-2-5 (0248.0005)
Vehicle Name: uivelo
Curr Time: Thu Nov  9 11:01:36 2023 MT:    8402
DR  Location:  5949.173 N  2317.988 E measured    245.624 secs ago
GPS TooFar:   69696969.000 N 69696969.000 E measured     1e+308 secs ago
GPS Invalid :  5949.173 N  2317.997 E measured    338.369 secs ago
GPS Location:  5949.173 N  2317.988 E measured    248.053 secs ago
   sensor:c_autoballast_state(enum)=0              1e+308 secs ago
   sensor:c_climb_bpump(X)=1000                    1e+308 secs ago
   sensor:c_dive_bpump(X)=-1000                    1e+308 secs ago
   sensor:c_iridium_current_num(enum)=0           105.577 secs ago
   sensor:c_wpt_lat(lat)=5949.17                  411.197 secs ago
   sensor:c_wpt_lon(lon)=2317.89                  411.238 secs ago
   sensor:m_battery(volts)=12.1292286629179        61.314 secs ago
   sensor:m_bms_aft_current(amp)=0                 1e+308 secs ago
   sensor:m_bms_ebay_current(amp)=0                1e+308 secs ago
   sensor:m_bms_pitch_current(amp)=0               1e+308 secs ago
   sensor:m_coulomb_amphr(amp-hrs)=1.11506259441376      4.592 secs ago
   sensor:m_coulomb_amphr_total(amp-hrs)=199.782619094412      4.607 secs ago
   sensor:m_digifin_leakdetect_reading(nodim)=1023      4.699 secs ago
   sensor:m_iridium_attempt_num(nodim)=1           96.809 secs ago
   sensor:m_iridium_signal_strength(nodim)=4       69.902 secs ago
   sensor:m_leakdetect_voltage(volts)=2.48232600732601     61.571 secs ago
   sensor:m_leakdetect_voltage_forward(volts)=2.47942612942613     61.586 secs ago
   sensor:m_leakdetect_voltage_science(volts)=-1       4.85 secs ago
   sensor:m_lithium_battery_relative_charge(%)=72.252414014665      4.855 secs ago
   sensor:m_tot_num_inflections(nodim)=5035       350.154 secs ago
   sensor:m_vacuum(inHg)=8.35003250915751          23.716 secs ago
   sensor:m_water_vx(m/s)=-0.031953305947743      256.178 secs ago
   sensor:m_water_vy(m/s)=-0.0405006928048253      256.21 secs ago
   sensor:u_alt_min_depth(m)=2                     1e+308 secs ago
   sensor:u_use_current_correction(nodim)=1        1e+308 secs ago
   sensor:x_last_wpt_lat(lat)=5949.17             412.245 secs ago
   sensor:x_last_wpt_lon(lon)=2318                412.285 secs ago
devices:(t/m/s) errs:   0/   0/   0 warn:   2/   2/   0 odd: 170/ 168/  31
ABORT HISTORY: total since reset: 0

   Hit Control-R to RESUME the mission, i.e. dive!
   Hit Control-C to END    the mission, i.e. GliderDos
   Hit Control-E to extend surface time by 5 minutes.
   Hit Control-W to get device warning reports.
   Hit Control-F to re-read yo, goto_l, surface, sample, drift_ mafiles.
   Hit H <n> <0:1> to Hangup and call back in <n> minutes at 0-primary 1-alternate number.
   Hit S [-f={rf}|{irid] [-num=<n>] [-t=<s>] [filespec ...] to send log files
   Hit ! <GliderDos cmd>  to execute <GliderDos cmd>
   Hit Control-T to consci to science computer when comms ready:
                                               ... communications ready for consci.

Water Velocity Calculations COMPLETE
Waypoint: (5949.1700,2317.8900) Range: 92m, Bearing: 257deg, Age: 0:6h:m
Time until diving is: 45 secs
^W             name in ALLCAPS means CRITICAL device (* => SUPERCRITICAL)
                  [I Installed] [- Not_Installed]
                    [u In_use] [- Not_In_use] [X Out_of_Service]
             name       limits     stats (#total/#mission/#segment)
                        os w/s w/m os       errors      warnings      oddities
 0        simdrvr  -
 1    test_driver  -
 2          ARGOS* I u  -1  20   5  0
 3       WATCHDOG  I u  -1  -1  -1  0
 4        DEADMAN  I u  -1  20   5  0
 5        CONSOLE* I u  -1  20   5  0
 6            GPS  I u  -1  20   5  0
 7         pinger  -
 8       attitude  -
 9  attitude_tcm3  -
10   attitude_rev  I u   3  20   5  0
11 ocean_pressure  I u   3  20   5  0
12         vacuum  I u   3  20   5  0
13        battery  I u   3  20   5  0
14lithium_battery  -
15       air_pump  I u   3  20   5  0
16    pitch_motor  I u   3  20   5  0
17  science_super  I u   3  20   5  0 [   0   0  0] [   0   0  0] [ 154 154 28]
18     roll_motor  -
19    fpitch_pump  -
20      fin_motor  -
21        digifin  I u   3  20   5  0 [   0   0  0] [   2   2  0] [   2   2  1]
22      altimeter  I u   3  20   5  0
23            ctd  -
24        IRIDIUM* I u  -1  20   5  0 [   0   0  0] [   0   0  0] [  14  12  2]
25     leakdetect  I u   3  20   5  0
26       recovery  -
27        coulomb  I u   3  20   5  0
28       veh_temp  I u   3  20   5  0
29  BUOYANCY_PUMP  I u   3  20   3  0
30THERMAL_ACC_PRE  -
31 THERMAL_ENGINE  -
32   THERMAL_PUMP  -
33        DE_PUMP  -
34        HD_PUMP  -
35    thruster_g1  -
36       thruster  -
devices:(t/m/s) errs:   0/   0/   0 warn:   2/   2/   0 odd: 170/ 168/  31


I heard a character ('CR'), but not the right one
There were no pending chars in input buffer to drain.
Megabytes used      on CF file system = 610.125000
Megabytes available on CF file system = 1387.375000
  8458 19 02480005.mlg LOG FILE CLOSED
Doing system wide housekeeping.......
report_heap_size(): M_FREE_HEAP=91.0K,  M_SPARE_HEAP=72.0K
Running algorithm to free disk space if required
Not necessary to delete any files at this time
Writing longterm state disk file: c:/state/longterm.sta
   f_ocean_pressure_min(volts) 0.177924
   m_avg_climb_rate(m/s) -0.159806
   m_avg_speed(m/s) 0.258625
   m_avg_upward_inflection_time(sec) 32.760754
   m_battery(volts) 12.112934
   m_coulomb_amphr_total(amp-hrs) 199.793306
   m_iridium_call_num(nodim) 5330.000000
   m_iridium_dialed_num(nodim) 8241.000000
   m_lat(lat) 5949.172700
   m_lon(lon) 2317.988300
   m_pump_effective_num_cycles(nodim) 2062.720751
   m_tot_ballast_pumped_energy(kjoules) 5874.886714
   m_tot_horz_dist(km) 4849.108891
   m_tot_num_inflections(nodim) 5035.000000
   m_tot_num_thermal_valve_cmd(nodim) 0.000000
   m_weight_drop(bool) 0.000000
   s_water_depth_avg(m) 200.000000
   s_water_depth_delta(m) 0.000000
   s_water_depth_wavelength(m) 100.000000
   x_hover_ballast_deep(cc) 9.776996
   x_hover_ballast_shallow(cc) 0.000000
   x_hover_depth_deep(m) 24.927389
   x_hover_depth_shallow(m) 0.000000
   x_last_wpt_lat(lat) 5949.170000
   x_last_wpt_lon(lon) 2318.000000
timestamp: Thu Nov  9 11:02:38 2023
The instantaneous lag time between the system and gps clock is -3.0 seconds.
The average lag time between the system and gps clock is -2.3 seconds.
Housekeeping is done
  8546 25 02480006.mlg LOG FILE OPENED
Megabytes used      on CF file system = 610.218750
Megabytes available on CF file system = 1387.281250
  8549    init_gps_input()
  8549    behavior surface_4: SUBSTATE 7 ->10 : Waiting for final gps fix
  8549    behavior surface_4: TIMED OUT WAITING FOR A CHARACTER

surface_4: Waiting for final GPS fix.
  8551    disabling Iridium console...
