Connection Event: Carrier Detect found. 12607    Iridium console active and ready...
Vehicle Name: koskelo
Curr Time: Fri Nov 10 04:12:06 2023 MT:   12607
DR  Location:  5944.660 N  2314.015 E measured     44.571 secs ago
GPS TooFar:   69696969.000 N 69696969.000 E measured     1e+308 secs ago
GPS Invalid :  5944.270 N  2313.696 E measured     126.77 secs ago
GPS Location:  5944.660 N  2314.015 E measured     46.645 secs ago
   sensor:c_autoballast_state(enum)=0              1e+308 secs ago
   sensor:c_climb_bpump(X)=1000                    1e+308 secs ago
   sensor:c_dive_bpump(X)=-1000                    1e+308 secs ago
   sensor:c_iridium_current_num(enum)=0            1e+308 secs ago
   sensor:c_wpt_lat(lat)=5944.71                  5545.14 secs ago
   sensor:c_wpt_lon(lon)=2314.05                  5545.14 secs ago
   sensor:m_battery(volts)=16.3191872226502        11.775 secs ago
   sensor:m_bms_aft_current(amp)=0.275              3.913 secs ago
   sensor:m_bms_ebay_current(amp)=-0.000937         3.944 secs ago
   sensor:m_bms_pitch_current(amp)=0.229372         3.975 secs ago
   sensor:m_coulomb_amphr(amp-hrs)=6.332528         3.832 secs ago
   sensor:m_coulomb_amphr_total(amp-hrs)=6.61877999999998        3.836 secs ago
   sensor:m_digifin_leakdetect_reading(nodim)=1022        0.071 secs ago
   sensor:m_iridium_attempt_num(nodim)=5           40.078 secs ago
   sensor:m_iridium_signal_strength(nodim)=5       28.071 secs ago
   sensor:m_leakdetect_voltage(volts)=2.47789987789988       59.811 secs ago
   sensor:m_leakdetect_voltage_forward(volts)=2.48098290598291       59.776 secs ago
   sensor:m_leakdetect_voltage_science(volts)=2.48168498168498       59.741 secs ago
   sensor:m_lithium_battery_relative_charge(%)=96.9214976744186        3.867 secs ago
   sensor:m_tot_num_inflections(nodim)=9562       144.772 secs ago
   sensor:m_vacuum(inHg)=8.18870051282051          67.866 secs ago
   sensor:m_water_vx(m/s)=0.021268140562348        48.677 secs ago
   sensor:m_water_vy(m/s)=-0.065273462385181       48.681 secs ago
   sensor:u_alt_min_depth(m)=2                     1e+308 secs ago
   sensor:u_use_current_correction(nodim)=1        1e+308 secs ago
   sensor:x_last_wpt_lat(lat)=5944.13             5545.23 secs ago
   sensor:x_last_wpt_lon(lon)=2313.69             5545.23 secs ago
 12608    No login script found for processing.
:OOD:digifin_mgr_ctrl:OUT OF DEADBAND: M_FIN:-0.0811 C_FIN:0.0000
:OOD:digifin_mgr_ctrl:OUT OF DEADBAND: M_FIN:-0.0550 C_FIN:0.0000
:OOD:digifin_mgr_ctrl:OUT OF DEADBAND: M_FIN:0.0261 C_FIN:0.0000




Glider koskelo at surface.
Because:pitch not commanded [behavior surface_4 start_when = 2.0]
MissionName:vm2023.mi MissionNum:koskelo-2023-313-0-2 (0171.0002)
Vehicle Name: koskelo
Curr Time: Fri Nov 10 04:12:22 2023 MT:   12623
DR  Location:  5944.660 N  2314.015 E measured      60.07 secs ago
GPS TooFar:   69696969.000 N 69696969.000 E measured     1e+308 secs ago
GPS Invalid :  5944.270 N  2313.696 E measured    142.269 secs ago
GPS Location:  5944.660 N  2314.015 E measured     62.144 secs ago
   sensor:c_autoballast_state(enum)=0              1e+308 secs ago
   sensor:c_climb_bpump(X)=1000                    1e+308 secs ago
   sensor:c_dive_bpump(X)=-1000                    1e+308 secs ago
   sensor:c_iridium_current_num(enum)=0            1e+308 secs ago
   sensor:c_wpt_lat(lat)=5944.71                  5560.64 secs ago
   sensor:c_wpt_lon(lon)=2314.05                  5560.64 secs ago
   sensor:m_battery(volts)=16.3191872226502        27.274 secs ago
   sensor:m_bms_aft_current(amp)=0.326248           3.283 secs ago
   sensor:m_bms_ebay_current(amp)=-0.00125          3.314 secs ago
   sensor:m_bms_pitch_current(amp)=0.284064         3.346 secs ago
   sensor:m_coulomb_amphr(amp-hrs)=6.336184         3.201 secs ago
   sensor:m_coulomb_amphr_total(amp-hrs)=6.62243599999998        3.205 secs ago
   sensor:m_digifin_leakdetect_reading(nodim)=1020         7.57 secs ago
   sensor:m_iridium_attempt_num(nodim)=5           55.577 secs ago
   sensor:m_iridium_signal_strength(nodim)=5        43.57 secs ago
   sensor:m_leakdetect_voltage(volts)=2.47835775335775       11.178 secs ago
   sensor:m_leakdetect_voltage_forward(volts)=2.48137973137973       11.142 secs ago
   sensor:m_leakdetect_voltage_science(volts)=2.48232600732601       11.107 secs ago
   sensor:m_lithium_battery_relative_charge(%)=96.9197972093023        3.236 secs ago
   sensor:m_tot_num_inflections(nodim)=9562       160.272 secs ago
   sensor:m_vacuum(inHg)=8.18870051282051          83.365 secs ago
   sensor:m_water_vx(m/s)=0.021268140562348        64.176 secs ago
   sensor:m_water_vy(m/s)=-0.065273462385181        64.18 secs ago
   sensor:u_alt_min_depth(m)=2                     1e+308 secs ago
   sensor:u_use_current_correction(nodim)=1        1e+308 secs ago
   sensor:x_last_wpt_lat(lat)=5944.13             5560.73 secs ago
   sensor:x_last_wpt_lon(lon)=2313.69             5560.73 secs ago
devices:(t/m/s) errs:   0/   0/   0 warn:   7/   1/   0 odd:  54/  12/   1
ABORT HISTORY: total since reset: 0

   Hit Control-R to RESUME the mission, i.e. dive!
   Hit Control-C to END    the mission, i.e. GliderDos
   Hit Control-E to extend surface time by 5 minutes.
   Hit Control-W to get device warning reports.
   Hit Control-F to re-read yo, goto_l, surface, sample, drift_ mafiles.
   Hit H <n> <0:1> to Hangup and call back in <n> minutes at 0-primary 1-alternate number.
   Hit S [-f={rf}|{irid] [-num=<n>] [-t=<s>] [filespec ...] to send log files
   Hit ! <GliderDos cmd>  to execute <GliderDos cmd>
   Hit Control-T to consci to science computer when comms ready:
                                               ... communications ready for consci.

Water Velocity Calculations COMPLETE
Waypoint: (5944.7100,2314.0500) Range: 99m, Bearing: 10deg, Age: 1:32h:m
Time until diving is: 236 secs
:OOD:digifin_mgr_ctrl:OUT OF DEADBAND: M_FIN:-0.0492 C_FIN:0.0000
 12627 46 DRIVER_WARNING:digifin:-1:digifin_mgr_ctrl() Digifin movement warning.
	 Couldn't reach or maintain commanded position!!!
:OOD:digifin_mgr_ctrl:OUT OF DEADBAND: M_FIN:0.0203 C_FIN:0.0000
:OOD:digifin_mgr_ctrl:OUT OF DEADBAND: M_FIN:0.0782 C_FIN:0.0000
^R 12648 51 behavior surface_4: User typed Control-R, resuming


   I heard a Control-R
   RESUMING MISSION

 12648    01710002.mcg LOG FILE CLOSED
Doing system wide housekeeping.......
report_heap_size(): M_FREE_HEAP=246.6K(252564 bytes)
                    M_MIN_FREE_HEAP=163.8K(167724 bytes)
                    M_SRAM_FREE_HEAP=1293.2K(1324272 bytes)
                    M_SRAM_MIN_FREE_HEAP=1162.2K(1190072 bytes)
Running algorithm to free disk space if required
Not necessary to delete any files at this time
Scanning free space...
Megabytes used      on c: = 570.375000
Megabytes available on c: = 7304.625000
Megabytes used      on w: = 0.021973
Megabytes available on w: = 0.978027
Writing longterm state disk file: c:/state/longterm.sta
   f_ocean_pressure_min(volts) 0.097827
   m_avg_climb_rate(m/s) -0.165711
   m_avg_speed(m/s) 0.267518
   m_avg_upward_inflection_time(sec) 27.968110
 