Connection Event: Carrier Detect found. 24639    Iridium console active and ready...
Vehicle Name: koskelo
Curr Time: Thu Nov  9 20:31:54 2023 MT:   24639
DR  Location:  5946.870 N  2315.873 E measured     44.695 secs ago
GPS TooFar:   69696969.000 N 69696969.000 E measured     1e+308 secs ago
GPS Invalid :  5947.346 N  2316.046 E measured    114.897 secs ago
GPS Location:  5946.870 N  2315.873 E measured      45.78 secs ago
   sensor:c_autoballast_state(enum)=0              1e+308 secs ago
   sensor:c_climb_bpump(X)=1000                    1e+308 secs ago
   sensor:c_dive_bpump(X)=-1000                    1e+308 secs ago
   sensor:c_iridium_current_num(enum)=1           19429.8 secs ago
   sensor:c_wpt_lat(lat)=5946.8                   5696.97 secs ago
   sensor:c_wpt_lon(lon)=2315.89                  5696.98 secs ago
   sensor:m_battery(volts)=16.3505854082274        31.909 secs ago
   sensor:m_bms_aft_current(amp)=0.2575             4.038 secs ago
   sensor:m_bms_ebay_current(amp)=-0.000937         4.069 secs ago
   sensor:m_bms_pitch_current(amp)=0.21594          4.101 secs ago
   sensor:m_coulomb_amphr(amp-hrs)=3.886232         3.958 secs ago
   sensor:m_coulomb_amphr_total(amp-hrs)=4.17248399999998        3.961 secs ago
   sensor:m_digifin_leakdetect_reading(nodim)=1022        0.197 secs ago
   sensor:m_iridium_attempt_num(nodim)=1           40.203 secs ago
   sensor:m_iridium_signal_strength(nodim)=5       28.198 secs ago
   sensor:m_leakdetect_voltage(volts)=2.47838827838828        7.818 secs ago
   sensor:m_leakdetect_voltage_forward(volts)=2.48131868131868        7.782 secs ago
   sensor:m_leakdetect_voltage_science(volts)=2.48235653235653        7.747 secs ago
   sensor:m_lithium_battery_relative_charge(%)=98.0593097674419        3.992 secs ago
   sensor:m_tot_num_inflections(nodim)=9482       120.805 secs ago
   sensor:m_vacuum(inHg)=7.96097245421246          67.901 secs ago
   sensor:m_water_vx(m/s)=-0.003084365056607       48.802 secs ago
   sensor:m_water_vy(m/s)=-0.020268344901638       48.805 secs ago
   sensor:u_alt_min_depth(m)=2                     1e+308 secs ago
   sensor:u_use_current_correction(nodim)=1        1e+308 secs ago
   sensor:x_last_wpt_lat(lat)=5947.52             5697.06 secs ago
   sensor:x_last_wpt_lon(lon)=2316.2              5697.06 secs ago
 24639    No login script found for processing.




Glider koskelo at surface.
Because:pitch not commanded [behavior surface_4 start_when = 2.0]
MissionName:tvr20233.mi MissionNum:koskelo-2023-312-4-13 (0170.0013)
Vehicle Name: koskelo
Curr Time: Thu Nov  9 20:32:10 2023 MT:   24655
DR  Location:  5946.870 N  2315.873 E measured     60.069 secs ago
GPS TooFar:   69696969.000 N 69696969.000 E measured     1e+308 secs ago
GPS Invalid :  5947.346 N  2316.046 E measured    130.271 secs ago
GPS Location:  5946.870 N  2315.873 E measured     61.154 secs ago
   sensor:c_autoballast_state(enum)=0              1e+308 secs ago
   sensor:c_climb_bpump(X)=1000                    1e+308 secs ago
   sensor:c_dive_bpump(X)=-1000                    1e+308 secs ago
   sensor:c_iridium_current_num(enum)=1           19445.1 secs ago
   sensor:c_wpt_lat(lat)=5946.8                   5712.35 secs ago
   sensor:c_wpt_lon(lon)=2315.89                  5712.35 secs ago
   sensor:m_battery(volts)=16.3505854082274        47.283 secs ago
   sensor:m_bms_aft_current(amp)=0.329376           3.412 secs ago
   sensor:m_bms_ebay_current(amp)=-0.000937         3.443 secs ago
   sensor:m_bms_pitch_current(amp)=0.28344          3.475 secs ago
   sensor:m_coulomb_amphr(amp-hrs)=3.888744          3.33 secs ago
   sensor:m_coulomb_amphr_total(amp-hrs)=4.17499599999998        3.334 secs ago
   sensor:m_digifin_leakdetect_reading(nodim)=1022        7.573 secs ago
   sensor:m_iridium_attempt_num(nodim)=1           55.577 secs ago
   sensor:m_iridium_signal_strength(nodim)=5       43.572 secs ago
   sensor:m_leakdetect_voltage(volts)=2.47838827838828       23.192 secs ago
   sensor:m_leakdetect_voltage_forward(volts)=2.48131868131868       23.156 secs ago
   sensor:m_leakdetect_voltage_science(volts)=2.48235653235653       23.121 secs ago
   sensor:m_lithium_battery_relative_charge(%)=98.0581413953488        3.365 secs ago
   sensor:m_tot_num_inflections(nodim)=9482       136.179 secs ago
   sensor:m_vacuum(inHg)=7.96097245421246          83.274 secs ago
   sensor:m_water_vx(m/s)=-0.003084365056607       64.175 secs ago
   sensor:m_water_vy(m/s)=-0.020268344901638       64.179 secs ago
   sensor:u_alt_min_depth(m)=2                     1e+308 secs ago
   sensor:u_use_current_correction(nodim)=1        1e+308 secs ago
   sensor:x_last_wpt_lat(lat)=5947.52             5712.44 secs ago
   sensor:x_last_wpt_lon(lon)=2316.2              5712.44 secs ago
devices:(t/m/s) errs:   0/   0/   0 warn:   3/   3/   0 odd:  35/  17/   1
ABORT HISTORY: total since reset: 0

   Hit Control-R to RESUME the mission, i.e. dive!
   Hit Control-C to END    the mission, i.e. GliderDos
   Hit Control-E to extend surface time by 5 minutes.
   Hit Control-W to get device warning reports.
   Hit Control-F to re-read yo, goto_l, surface, sample, drift_ mafiles.
   Hit H <n> <0:1> to Hangup and call back in <n> minutes at 0-primary 1-alternate number.
   Hit S [-f={rf}|{irid] [-num=<n>] [-t=<s>] [filespec ...] to send log files
   Hit ! <GliderDos cmd>  to execute <GliderDos cmd>
   Hit Control-T to consci to science computer when comms ready:
                                               ... communications ready for consci.

Water Velocity Calculations COMPLETE
Waypoint: (5946.8000,2315.8900) Range: 131m, Bearing: 164deg, Age: 1:35h:m
Time until diving is: 236 secs
:OOD:digifin_mgr_ctrl:OUT OF DEADBAND: M_FIN:-0.1361 C_FIN:0.0000
^R 24671 38 behavior surface_4: User typed Control-R, resuming


   I heard a Control-R
   RESUMING MISSION

 24671    01700013.mcg LOG FILE CLOSED
Doing system wide housekeeping.......
report_heap_size(): M_FREE_HEAP=244.5K(250412 bytes)
                    M_MIN_FREE_HEAP=163.8K(167724 bytes)
                    M_SRAM_FREE_HEAP=1293.2K(1324272 bytes)
                    M_SRAM_MIN_FREE_HEAP=1162.2K(1190072 bytes)
Running algorithm to free disk space if required
Not necessary to delete any files at this time
Scanning free space...
Megabytes used      on c: = 567.093750
Megabytes available on c: = 7307.906250
Megabytes used      on w: = 0.021973
Megabytes available on w: = 0.978027
Writing longterm state disk file: c:/state/longterm.sta
   f_ocean_pressure_min(volts) 0.098010
   m_avg_climb_rate(m/s) -0.180646
   m_avg_speed(m/s) 0.273120
   m_avg_upward_inflection_time(sec) 28.304496
   m_battery(volts) 16.350585
   m_coulomb_amphr_total(amp-hrs) 4.178772
   m_iridium_call_num(nodim) 1142.000000
   m_iridium_dialed_num(nodim) 1817.000000
   m_lat(lat) 5946.870000
   m_lon(lon) 2315.873000
   m_pump_effective_num_cycles(nodim) 656.534489
   m_tot_ballast_pumped_energy(kjoules) 1538.000032
   m_tot_horz_dist(km) 1070.312340
   m_tot_num_inflections(nodim) 9482.000000
   m_tot_num_thermal_valve_cmd(nodim) 0.000000
   m_weight_drop(bool) 0.000000
   s_water_depth_avg(m) 200.000000
   s_water_depth_delta(m) 0.000000
   s_water_depth_wavelength(m) 100.000000
   x_hover_ballast_deep(cc) 4.835795
   x_hover_ballast_shallow(cc) 0.0000