Connection Event: Carrier Detect found.  3997    Iridium console active and ready...
Vehicle Name: koskelo
Curr Time: Thu Nov  9 14:47:41 2023 MT:    3997
DR  Location:  5948.843 N  2317.866 E measured     44.705 secs ago
GPS TooFar:   69696969.000 N 69696969.000 E measured     1e+308 secs ago
GPS Invalid :  5948.998 N  2317.954 E measured    136.656 secs ago
GPS Location:  5948.843 N  2317.866 E measured     46.906 secs ago
   sensor:c_autoballast_state(enum)=0              1e+308 secs ago
   sensor:c_climb_bpump(X)=1000                    1e+308 secs ago
   sensor:c_dive_bpump(X)=-1000                    1e+308 secs ago
   sensor:c_iridium_current_num(enum)=0            1e+308 secs ago
   sensor:c_wpt_lat(lat)=5948.73                  3991.31 secs ago
   sensor:c_wpt_lon(lon)=2317.78                  3991.32 secs ago
   sensor:m_battery(volts)=16.3864291212102         39.86 secs ago
   sensor:m_bms_aft_current(amp)=0.253748           4.057 secs ago
   sensor:m_bms_ebay_current(amp)=-0.000937         4.088 secs ago
   sensor:m_bms_pitch_current(amp)=0.231564          4.12 secs ago
   sensor:m_coulomb_amphr(amp-hrs)=1.96124          3.976 secs ago
   sensor:m_coulomb_amphr_total(amp-hrs)=2.24749199999999         3.98 secs ago
   sensor:m_digifin_leakdetect_reading(nodim)=1020        4.207 secs ago
   sensor:m_iridium_attempt_num(nodim)=5           40.202 secs ago
   sensor:m_iridium_signal_strength(nodim)=5       28.215 secs ago
   sensor:m_leakdetect_voltage(volts)=2.47838827838828       39.806 secs ago
   sensor:m_leakdetect_voltage_forward(volts)=2.48046398046398        39.77 secs ago
   sensor:m_leakdetect_voltage_science(volts)=2.48110500610501       39.735 secs ago
   sensor:m_lithium_battery_relative_charge(%)=98.9546548837209        4.011 secs ago
   sensor:m_tot_num_inflections(nodim)=9426        153.76 secs ago
   sensor:m_vacuum(inHg)=8.6390884981685           31.907 secs ago
   sensor:m_water_vx(m/s)=-0.032214943093953       48.812 secs ago
   sensor:m_water_vy(m/s)=-0.037241741311303       48.816 secs ago
   sensor:u_alt_min_depth(m)=2                     1e+308 secs ago
   sensor:u_use_current_correction(nodim)=1        1e+308 secs ago
   sensor:x_last_wpt_lat(lat)=5949.17              1e+308 secs ago
   sensor:x_last_wpt_lon(lon)=2317.89              1e+308 secs ago
  3997    No login script found for processing.
:OOD:digifin_mgr_ctrl:OUT OF DEADBAND: M_FIN:0.1129 C_FIN:0.0000




Glider koskelo at surface.
Because:pitch not commanded [behavior surface_4 start_when = 2.0]
MissionName:tvr20233.mi MissionNum:koskelo-2023-312-4-2 (0170.0002)
Vehicle Name: koskelo
Curr Time: Thu Nov  9 14:47:57 2023 MT:    4013
DR  Location:  5948.843 N  2317.866 E measured     60.071 secs ago
GPS TooFar:   69696969.000 N 69696969.000 E measured     1e+308 secs ago
GPS Invalid :  5948.998 N  2317.954 E measured    152.022 secs ago
GPS Location:  5948.843 N  2317.866 E measured     62.272 secs ago
   sensor:c_autoballast_state(enum)=0              1e+308 secs ago
   sensor:c_climb_bpump(X)=1000                    1e+308 secs ago
   sensor:c_dive_bpump(X)=-1000                    1e+308 secs ago
   sensor:c_iridium_current_num(enum)=0            1e+308 secs ago
   sensor:c_wpt_lat(lat)=5948.73                  4006.68 secs ago
   sensor:c_wpt_lon(lon)=2317.78                  4006.68 secs ago
   sensor:m_battery(volts)=16.3864291212102        55.226 secs ago
   sensor:m_bms_aft_current(amp)=0.300624           3.423 secs ago
   sensor:m_bms_ebay_current(amp)=-0.00125          3.454 secs ago
   sensor:m_bms_pitch_current(amp)=0.276256         3.486 secs ago
   sensor:m_coulomb_amphr(amp-hrs)=1.963752         3.342 secs ago
   sensor:m_coulomb_amphr_total(amp-hrs)=2.250004        3.346 secs ago
   sensor:m_digifin_leakdetect_reading(nodim)=1021        3.572 secs ago
   sensor:m_iridium_attempt_num(nodim)=5           55.567 secs ago
   sensor:m_iridium_signal_strength(nodim)=5        43.58 secs ago
   sensor:m_leakdetect_voltage(volts)=2.47838827838828       55.171 secs ago
   sensor:m_leakdetect_voltage_forward(volts)=2.48046398046398       55.135 secs ago
   sensor:m_leakdetect_voltage_science(volts)=2.48110500610501         55.1 secs ago
   sensor:m_lithium_battery_relative_charge(%)=98.9534865116279        3.376 secs ago
   sensor:m_tot_num_inflections(nodim)=9426       169.125 secs ago
   sensor:m_vacuum(inHg)=8.6390884981685           47.273 secs ago
   sensor:m_water_vx(m/s)=-0.032214943093953       64.178 secs ago
   sensor:m_water_vy(m/s)=-0.037241741311303       64.182 secs ago
   sensor:u_alt_min_depth(m)=2                     1e+308 secs ago
   sensor:u_use_current_correction(nodim)=1        1e+308 secs ago
   sensor:x_last_wpt_lat(lat)=5949.17              1e+308 secs ago
   sensor:x_last_wpt_lon(lon)=2317.89              1e+308 secs ago
devices:(t/m/s) errs:   0/   0/   0 warn:   1/   1/   0 odd:  22/   4/   2
ABORT HISTORY: total since reset: 0

   Hit Control-R to RESUME the mission, i.e. dive!
   Hit Control-C to END    the mission, i.e. GliderDos
   Hit Control-E to extend surface time by 5 minutes.
   Hit Control-W to get device warning reports.
   Hit Control-F to re-read yo, goto_l, surface, sample, drift_ mafiles.
   Hit H <n> <0:1> to Hangup and call back in <n> minutes at 0-primary 1-alternate number.
   Hit S [-f={rf}|{irid] [-num=<n>] [-t=<s>] [filespec ...] to send log files
   Hit ! <GliderDos cmd>  to execute <GliderDos cmd>
   Hit Control-T to consci to science computer when comms ready:
                                               ... communications ready for consci.

Water Velocity Calculations COMPLETE
Waypoint: (5948.7300,2317.7800) Range: 225m, Bearing: 191deg, Age: 1:6h:m
Time until diving is: 236 secs
:OOD:digifin_mgr_ctrl:OUT OF DEADBAND: M_FIN:0.1505 C_FIN:0.0000
^R  4037  6 behavior surface_4: User typed Control-R, resuming


   I heard a Control-R
   RESUMING MISSION

  4038    01700002.mcg LOG FILE CLOSED
Doing system wide housekeeping.......
report_heap_size(): M_FREE_HEAP=244.5K(250364 bytes)
                    M_MIN_FREE_HEAP=166.2K(170216 bytes)
                    M_SRAM_FREE_HEAP=1293.2K(1324272 bytes)
                    M_SRAM_MIN_FREE_HEAP=1162.2K(1190072 bytes)
Running algorithm to free disk space if required
Not necessary to delete any files at this time
Scanning free space...
Megabytes used      on c: = 564.187500
Megabytes available on c: = 7310.812500
Megabytes used      on w: = 0.021973
Megabytes available on w: = 0.978027
Writing longterm state disk file: c:/state/longterm.sta
   f_ocean_pressure_min(volts) 0.098297
   m_avg_climb_rate(m/s) -0.134484
   m_avg_speed(m/s) 0.255421
   m_avg_upward_inflection_time(sec) 32.758831
   m_battery(volts) 16.386133
   m_coulomb_amphr_total(amp-hrs) 2.255012
   m_iridium_call_num(nodim) 1135.000000
   m_iridium_dialed_num(nodim) 1809.000000
   m_lat(lat) 5948.843400
   m_lon(lon) 2317.865900
   m_pump_effective_num_cycles(nodim) 653.158728
   m_tot_ballast_pumped_energy(kjoules) 1531.531365
   m_tot_horz_dist(km) 1065.466988
   m_tot_num_inflections(nodim) 9426.000000
   m_tot_num_thermal_valve_cmd(nodim) 0.000000
   m_weight_drop(bool) 0.000000
   s_water_depth_avg(m) 200.000000
   s_water_depth_delta(m) 0.000000
   s_water_depth_wavelength(m) 100.000000
   x_hover_ballast_deep(cc) 4.835795
   x_hover_ballast_shallow(cc) 0.000000
   x_hover_depth_deep(m) 5.190