Connection Event: Carrier Detect found.  5250    Iridium console active and ready...
Vehicle Name: koskelo
Curr Time: Thu Nov  9 15:08:34 2023 MT:    5250
DR  Location:  5948.690 N  2317.755 E measured     44.567 secs ago
GPS TooFar:   69696969.000 N 69696969.000 E measured     1e+308 secs ago
GPS Invalid :  5948.846 N  2317.868 E measured     134.69 secs ago
GPS Location:  5948.690 N  2317.755 E measured     44.713 secs ago
   sensor:c_autoballast_state(enum)=0              1e+308 secs ago
   sensor:c_climb_bpump(X)=1000                    1e+308 secs ago
   sensor:c_dive_bpump(X)=-1000                    1e+308 secs ago
   sensor:c_iridium_current_num(enum)=1            40.034 secs ago
   sensor:c_wpt_lat(lat)=5948.16                  424.722 secs ago
   sensor:c_wpt_lon(lon)=2316.71                  424.726 secs ago
   sensor:m_battery(volts)=16.3830264683492        15.782 secs ago
   sensor:m_bms_aft_current(amp)=0.290312           3.911 secs ago
   sensor:m_bms_ebay_current(amp)=-0.000937         3.942 secs ago
   sensor:m_bms_pitch_current(amp)=0.23656          3.974 secs ago
   sensor:m_coulomb_amphr(amp-hrs)=2.083746          3.83 secs ago
   sensor:m_coulomb_amphr_total(amp-hrs)=2.369998        3.834 secs ago
   sensor:m_digifin_leakdetect_reading(nodim)=1019         0.07 secs ago
   sensor:m_iridium_attempt_num(nodim)=1           40.073 secs ago
   sensor:m_iridium_signal_strength(nodim)=5       24.076 secs ago
   sensor:m_leakdetect_voltage(volts)=2.4785409035409        7.817 secs ago
   sensor:m_leakdetect_voltage_forward(volts)=2.48122710622711        7.781 secs ago
   sensor:m_leakdetect_voltage_science(volts)=2.48226495726496        7.746 secs ago
   sensor:m_lithium_battery_relative_charge(%)=98.8976753488372        3.864 secs ago
   sensor:m_tot_num_inflections(nodim)=9430       160.748 secs ago
   sensor:m_vacuum(inHg)=8.49413992673993          43.762 secs ago
   sensor:m_water_vx(m/s)=-0.005389575436928       48.674 secs ago
   sensor:m_water_vy(m/s)=-0.065612477500042       48.678 secs ago
   sensor:u_alt_min_depth(m)=2                     1e+308 secs ago
   sensor:u_use_current_correction(nodim)=1        1e+308 secs ago
   sensor:x_last_wpt_lat(lat)=5948.73              424.81 secs ago
   sensor:x_last_wpt_lon(lon)=2317.78             424.814 secs ago
  5250    No login script found for processing.
z
I heard a character ('z'), but not the right one
Drained the following 2 pending chars from input buffer:
72 0d                         r   CR                              r.      




Glider koskelo at surface.
Because:pitch not commanded [behavior surface_4 start_when = 2.0]
MissionName:tvr20233.mi MissionNum:koskelo-2023-312-4-3 (0170.0003)
Vehicle Name: koskelo
Curr Time: Thu Nov  9 15:08:50 2023 MT:    5266
DR  Location:  5948.690 N  2317.755 E measured      60.07 secs ago
GPS TooFar:   69696969.000 N 69696969.000 E measured     1e+308 secs ago
GPS Invalid :  5948.846 N  2317.868 E measured    150.192 secs ago
GPS Location:  5948.690 N  2317.755 E measured     60.215 secs ago
   sensor:c_autoballast_state(enum)=0              1e+308 secs ago
   sensor:c_climb_bpump(X)=1000                    1e+308 secs ago
   sensor:c_dive_bpump(X)=-1000                    1e+308 secs ago
   sensor:c_iridium_current_num(enum)=1            55.537 secs ago
   sensor:c_wpt_lat(lat)=5948.16                  440.225 secs ago
   sensor:c_wpt_lon(lon)=2316.71                  440.228 secs ago
   sensor:m_battery(volts)=16.3830264683492        31.284 secs ago
   sensor:m_bms_aft_current(amp)=0.29               3.402 secs ago
   sen