Connection Event: Carrier Detect found.  2697    Iridium console active and ready...
Vehicle Name: koskelo
Curr Time: Thu Nov  9 14:26:00 2023 MT:    2697
DR  Location:  5948.994 N  2317.947 E measured    105.383 secs ago
GPS TooFar:   69696969.000 N 69696969.000 E measured     1e+308 secs ago
GPS Invalid :  5949.129 N  2318.052 E measured    205.497 secs ago
GPS Location:  5948.994 N  2317.947 E measured    106.446 secs ago
   sensor:c_autoballast_state(enum)=0              1e+308 secs ago
   sensor:c_climb_bpump(X)=1000                    1e+308 secs ago
   sensor:c_dive_bpump(X)=-1000                    1e+308 secs ago
   sensor:c_iridium_current_num(enum)=0            1e+308 secs ago
   sensor:c_wpt_lat(lat)=5948.73                  2691.52 secs ago
   sensor:c_wpt_lon(lon)=2317.78                  2691.53 secs ago
   sensor:m_battery(volts)=16.3896233116148        15.786 secs ago
   sensor:m_bms_aft_current(amp)=0.2275             3.912 secs ago
   sensor:m_bms_ebay_current(amp)=-0.000937         3.943 secs ago
   sensor:m_bms_pitch_current(amp)=0.208752         3.975 secs ago
   sensor:m_coulomb_amphr(amp-hrs)=1.838744         3.831 secs ago
   sensor:m_coulomb_amphr_total(amp-hrs)=2.124996        3.835 secs ago
   sensor:m_digifin_leakdetect_reading(nodim)=1008         0.07 secs ago
   sensor:m_iridium_attempt_num(nodim)=4           40.149 secs ago
   sensor:m_iridium_signal_strength(nodim)=5       28.069 secs ago
   sensor:m_leakdetect_voltage(volts)=2.47838827838828       15.781 secs ago
   sensor:m_leakdetect_voltage_forward(volts)=2.48134920634921       15.746 secs ago
   sensor:m_leakdetect_voltage_science(volts)=2.48214285714286        15.71 secs ago
   sensor:m_lithium_battery_relative_charge(%)=99.0116297674419        3.865 secs ago
   sensor:m_tot_num_inflections(nodim)=9422       233.498 secs ago
   sensor:m_vacuum(inHg)=8.71308322344322          92.587 secs ago
   sensor:m_water_vx(m/s)=-0.036334303102206      105.489 secs ago
   sensor:m_water_vy(m/s)=-0.013179433917375      105.493 secs ago
   sensor:u_alt_min_depth(m)=2                     1e+308 secs ago
   sensor:u_use_current_correction(nodim)=1        1e+308 secs ago
   sensor:x_last_wpt_lat(lat)=5949.17              1e+308 secs ago
   sensor:x_last_wpt_lon(lon)=2317.89              1e+308 secs ago
  2697    No login script found for processing.
:OOD:digifin_mgr_ctrl:OUT OF DEADBAND: M_FIN:-0.0463 C_FIN:0.0000




Glider koskelo at surface.
Because:pitch not commanded [behavior surface_4 start_when = 2.0]
MissionName:tvr20233.mi MissionNum:koskelo-2023-312-4-1 (0170.0001)
Vehicle Name: koskelo
Curr Time: Thu Nov  9 14:26:16 2023 MT:    2713
DR  Location:  5948.994 N  2317.947 E measured    120.885 secs ago
GPS TooFar:   69696969.000 N 69696969.000 E measured     1e+308 secs ago
GPS Invalid :  5949.129 N  2318.052 E measured    220.999 secs ago
GPS Location:  5948.994 N  2317.947 E measured    121.948 secs ago
   sensor:c_autoballast_state(enum)=0              1e+308 secs ago
   sensor:c_climb_bpump(X)=1000                    1e+308 secs ago
   sensor:c_dive_bpump(X)=-1000                    1e+308 secs ago
   sensor:c_iridium_current_num(enum)=0            1e+308 secs ago
   sensor:c_wpt_lat(lat)=5948.73                  2707.03 secs ago
   sensor:c_wpt_lon(lon)=2317.78                  2707.03 secs ago
   sensor:m_battery(volts)=16.3896233116148        31.288 secs ago
   sensor:m_bms_aft_current(amp)=0.275624           3.414 secs ago
   sensor:m_bms_ebay_current(amp)=-0.00125          3.445 secs ago
   sensor:m_bms_pitch_current(amp)=0.2425           3.477 secs ago
   sensor:m_coulomb_amphr(amp-hrs)=1.841256         3.334 secs ago
   sensor:m_coulomb_amphr_total(amp-hrs)=2.127508        3.337 secs ago
   sensor:m_digifin_leakdetect_reading(nodim)=1023        7.574 secs ago
   sensor:m_iridium_attempt_num(nodim)=4           55.652 secs ago
   sensor:m_iridium_signal_strength(nodim)=5       43.571 secs ago
   sensor:m_leakdetect_voltage(volts)=2.47838827838828       31.283 secs ago
   sensor:m_leakdetect_voltage_forward(volts)=2.48134920634921       31.248 secs ago
   sensor:m_leakdetect_voltage_science(volts)=2.48214285714286       31.212 secs ago
   sensor:m_lithium_battery_relative_charge(%)=99.0104613953488        3.367 secs ago
   sensor:m_tot_num_inflections(nodim)=9422           249 secs ago
   sensor:m_vacuum(inHg)=8.71308322344322         108.089 secs ago
   sensor:m_water_vx(m/s)=-0.036334303102206      120.991 secs ago
   sensor:m_water_vy(m/s)=-0.013179433917375      120.995 secs ago
   sensor:u_alt_min_depth(m)=2                     1e+308 secs ago
   sensor:u_use_current_correction(nodim)=1        1e+308 secs ago
   sensor:x_last_wpt_lat(lat)=5949.17              1e+308 secs ago
   sensor:x_last_wpt_lon(lon)=2317.89              1e+308 secs ago
devices:(t/m/s) errs:   0/   0/   0 warn:   1/   1/   1 odd:  20/   2/   2
ABORT HISTORY: total since reset: 0

   Hit Control-R to RESUME the mission, i.e. dive!
   Hit Control-C to END    the mission, i.e. GliderDos
   Hit Control-E to extend surface time by 5 minutes.
   Hit Control-W to get device warning reports.
   Hit Control-F to re-read yo, goto_l, surface, sample, drift_ mafiles.
   Hit H <n> <0:1> to Hangup and call back in <n> minutes at 0-primary 1-alternate number.
   Hit S [-f={rf}|{irid] [-num=<n>] [-t=<s>] [filespec ...] to send log files
   Hit ! <GliderDos cmd>  to execute <GliderDos cmd>
   Hit Control-T to consci to science computer when comms ready:
                                               ... communications ready for consci.

Water Velocity Calculations COMPLETE
Waypoint: (5948.7300,2317.7800) Range: 514m, Bearing: 188deg, Age: 0:45h:m
Time until diving is: 175 secs
:OOD:digifin_mgr_ctrl:OUT OF DEADBAND: M_FIN:-0.0347 C_FIN:0.0000
:OOD:digifin_mgr_ctrl:OUT OF DEADBAND: M_FIN:0.1129 C_FIN:0.0000
:OOD:digifin_mgr_ctrl:OUT OF DEADBAND: M_FIN:0.0897 C_FIN:0.0000
^R  2736 82 behavior surface_4: User typed Control-R, resuming


   I heard a Control-R
   RESUMING MISSION

  2736    01700001.mcg LOG FILE CLOSED
Doing system wide housekeeping.......
report_heap_size(): M_FREE_HEAP=244.5K(250364 bytes)
                    M_MIN_FREE_HEAP=166.2K(170216 bytes)
                    M_SRAM_FREE_HEAP=1293.2K(1324272 bytes)
                    M_SRAM_MIN_FREE_HEAP=1162.2K(1190072 bytes)
Running algorithm to free disk space if required
Not necessary to delete any files at this time
Scanning free space...
Megabytes used      on c: = 563.968750
Megabytes available on c: = 7311.031250
Megabytes used      on w: = 0.021973
Megabytes available on w: = 0.978027
Writing longterm state disk file: c:/state/longterm.sta
   f_ocean_pressure_min(volts) 0.098297
   m_avg_climb_rate(m/s) -0.118073
   m_avg_speed(m/s) 0.251875
   m_avg_upward_inflection_time(sec) 32.012255
   m_battery(volts) 16.389623
   m_coulomb_amphr_total(amp-hrs) 2.131252
   m_iridium_call_num(nodim) 1134.000000
   m_iridium_dialed_num(nodim) 1808.000000
   m_lat(lat) 5948.993700
   m_lon(lon) 2317.947100
   m_pump_effective_num_cycles(nodim) 652.928691
   m_tot_ballast_pumped_energy(kjoules) 1531.151803
   m_tot_horz_dist(km) 1065.181048
   m_tot_num_inflections(nodim) 9422.000000
   m_tot_num_thermal_valve_cmd(nodim) 0.000000
   m_weight_drop(bool) 0.000000
   s_water_depth_avg(m) 200.000000
   s_water_depth_delta(m) 0.000000
   s_water_depth_wavelength(m) 100.000000
   x_hover_ballast_deep(cc) 4.835795
   x_hover_ballast_shallow(cc) 0.000000
   x_hover_depth_deep(m) 5.190226
   x_hover