Connection Event: Carrier Detect found. 12755    Iridium console active and ready...
Vehicle Name: koskelo
Curr Time: Thu Nov  9 12:34:54 2023 MT:   12755
DR  Location:  5949.195 N  2317.953 E measured     52.569 secs ago
GPS TooFar:   69696969.000 N 69696969.000 E measured     1e+308 secs ago
GPS Invalid :  5949.203 N  2317.906 E measured    139.782 secs ago
GPS Location:  5949.195 N  2317.953 E measured     54.743 secs ago
   sensor:c_autoballast_state(enum)=0              1e+308 secs ago
   sensor:c_climb_bpump(X)=1000                    1e+308 secs ago
   sensor:c_dive_bpump(X)=-1000                    1e+308 secs ago
   sensor:c_iridium_current_num(enum)=0           4947.64 secs ago
   sensor:c_wpt_lat(lat)=5949.17                  520.791 secs ago
   sensor:c_wpt_lon(lon)=2317.89                  520.795 secs ago
   sensor:m_battery(volts)=16.3980002881708        55.786 secs ago
   sensor:m_bms_aft_current(amp)=0.229372           3.784 secs ago
   sensor:m_bms_ebay_current(amp)=-0.000937         3.815 secs ago
   sensor:m_bms_pitch_current(amp)=0.236872         3.846 secs ago
   sensor:m_coulomb_amphr(amp-hrs)=1.293736         3.703 secs ago
   sensor:m_coulomb_amphr_total(amp-hrs)=1.579988        3.707 secs ago
   sensor:m_digifin_leakdetect_reading(nodim)=1021         0.07 secs ago
   sensor:m_iridium_attempt_num(nodim)=1           48.074 secs ago
   sensor:m_iridium_signal_strength(nodim)=5       36.066 secs ago
   sensor:m_leakdetect_voltage(volts)=2.47826617826618       51.801 secs ago
   sensor:m_leakdetect_voltage_forward(volts)=2.48107448107448       51.765 secs ago
   sensor:m_leakdetect_voltage_science(volts)=2.48205128205128        51.73 secs ago
   sensor:m_lithium_battery_relative_charge(%)=99.2651218604651        3.737 secs ago
   sensor:m_tot_num_inflections(nodim)=9410       156.751 secs ago
   sensor:m_vacuum(inHg)=8.07416073260073          87.791 secs ago
   sensor:m_water_vx(m/s)=-0.045449615883056       56.676 secs ago
   sensor:m_water_vy(m/s)=-0.051770841536014        56.68 secs ago
   sensor:u_alt_min_depth(m)=2                     1e+308 secs ago
   sensor:u_use_current_correction(nodim)=1        1e+308 secs ago
   sensor:x_last_wpt_lat(lat)=5949.17              520.88 secs ago
   sensor:x_last_wpt_lon(lon)=2318                520.884 secs ago
 12755    No login script found for processing.
:OOD:digifin_mgr_ctrl:OUT OF DEADBAND: M_FIN:0.0897 C_FIN:0.0000




Glider koskelo at surface.
Because:pitch not commanded [behavior surface_4 start_when = 2.0]
MissionName:tvr20233.mi MissionNum:koskelo-2023-312-3-12 (0169.0012)
Vehicle Name: koskelo
Curr Time: Thu Nov  9 12:35:02 2023 MT:   12763
DR  Location:  5949.195 N  2317.953 E measured      60.07 secs ago
GPS TooFar:   69696969.000 N 69696969.000 E measured     1e+308 secs ago
GPS Invalid :  5949.203 N  2317.906 E measured    147.283 secs ago
GPS Location:  5949.195 N  2317.953 E measured     62.244 secs ago
   sensor:c_autoballast_state(enum)=0              1e+308 secs ago
   sensor:c_climb_bpump(X)=1000                    1e+308 secs ago
   sensor:c_dive_bpump(X)=-1000                    1e+308 secs ago
   sensor:c_iridium_current_num(enum)=0           4955.14 secs ago
   sensor:c_wpt_lat(lat)=5949.17                  528.292 secs ago
   sensor:c_wpt_lon(lon)=2317.89                  528.296 secs ago
   sensor:m_battery(volts)=16.3980002881708        63.287 secs ago
   sensor:m_bms_aft_current(amp)=0.261872           3.284 secs ago
   sensor:m_bms_ebay_current(amp)=-0.000937         3.315 secs ago
   sensor:m_bms_pitch_current(amp)=0.273752         3.347 secs ago
   sensor:m_coulomb_amphr(amp-hrs)=1.294984         3.204 secs ago
   sensor:m_coulomb_amphr_total(amp-hrs)=1.581236        3.207 secs ago
   sensor:m_digifin_leakdetect_reading(nodim)=1021        7.572 secs ago
   sensor:m_iridium_attempt_num(nodim)=1           55.576 secs ago
   sensor:m_iridium_signal_strength(nodim)=5       43.567 secs ago
   sensor:m_leakdetect_voltage(volts)=2.47826617826618       59.302 secs ago
   sensor:m_leakdetect_voltage_forward(volts)=2.48107448107448       59.267 secs ago
   sensor:m_leakdetect_voltage_science(volts)=2.48205128205128       59.232 secs ago
   sensor:m_lithium_battery_relative_charge(%)=99.2645413953488        3.237 secs ago
   sensor:m_tot_num_inflections(nodim)=9410       164.252 secs ago
   sensor:m_vacuum(inHg)=8.07416073260073          95.292 secs ago
   sensor:m_water_vx(m/s)=-0.045449615883056       64.177 secs ago
   sensor:m_water_vy(m/s)=-0.051770841536014       64.181 secs ago
   sensor:u_alt_min_depth(m)=2                     1e+308 secs ago
   sensor:u_use_current_correction(nodim)=1        1e+308 secs ago
   sensor:x_last_wpt_lat(lat)=5949.17             528.381 secs ago
   sensor:x_last_wpt_lon(lon)=2318                528.385 secs ago
devices:(t/m/s) errs:   0/   0/   0 warn:   0/   0/   0 odd:  17/  17/   1
ABORT HISTORY: total since reset: 0

   Hit Control-R to RESUME the mission, i.e. dive!
   Hit Control-C to END    the mission, i.e. GliderDos
   Hit Control-E to extend surface time by 5 minutes.
   Hit Control-W to get device warning reports.
   Hit Control-F to re-read yo, goto_l, surface, sample, drift_ mafiles.
   Hit H <n> <0:1> to Hangup and call back in <n> minutes at 0-primary 1-alternate number.
   Hit S [-f={rf}|{irid] [-num=<n>] [-t=<s>] [filespec ...] to send log files
   Hit ! <GliderDos cmd>  to execute <GliderDos cmd>
   Hit Control-T to consci to science computer when comms ready:
                                               ... communications ready for consci.

Water Velocity Calculations COMPLETE
Waypoint: (5949.1700,2317.8900) Range: 75m, Bearing: 223deg, Age: 0:8h:m
Time until diving is: 236 secs
:OOD:digifin_mgr_ctrl:OUT OF DEADBAND: M_FIN:-0.0521 C_FIN:0.0000
:OOD:digifin_mgr_ctrl:OUT OF DEADBAND: M_FIN:0.0637 C_FIN:0.0000
:OOD:digifin_mgr_ctrl:OUT OF DEADBAND: M_FIN:-0.0261 C_FIN:0.0000
s *.scd *.tcd -num=3

--------------------------------
 12787 19 01690012.mcg LOG FILE CLOSED
SCIENCE DATA LOGGING: science IS running
:OOD:digifin_mgr_ctrl:OUT OF DEADBAND: M_FIN:-0.0955 C_FIN:0.0000
CONSCI REQUESTED (using IRIDIUM as console)
ASKING SCIENCE COMPUTER TO SWITCH TO COMMAND MODE via IRIDIUM
SWITCHING TO SCIENCE COMMAND MODE over IRIDIUM
Normal operation resumes when:
    SciDos> QUIT              -or-
    Lose CD (unplug freewave/hangup iridium) -or-
    run longer than U_SCI_CMD_MAX_CONSCI_TIME(3600)s
 12796 22 Neutering the Freewave Console
SCI: Implicitly limiting total transfer to 1800 secs, representing 180 KB total size
SCI: Enumerating and selecting files
About to send 3 files
Prechecking is not necessary for this invocation
START
**B00000000000000
Starting zModem transfer of 01690012.tcd to/from koskelo size is 424
Total Bytes sent/received: 424
zModem transfer DONE for file 01690012.tcd

Starting zModem transfer of 01690011.tcd to/from koskelo size is 367
Total Bytes sent/received: 367
zModem transfer DONE for file 01690011.tcd

Starting zModem transfer of 01690001.tcd to/from koskelo size is 423
Total Bytes sent/received: 423
zModem transfer DONE for file 01690001.tcd
12822 28 Freewave console restored
REVERTING FROM SCIENCE COMMAND MODE
SCIENCE COMMAND MODE TERMINATED because:
   Science Program QUIT (cts lowered)
 12824    GLD: Enumerating and selecting files
*^XB0800000000022d
DEL**^XB0800000000022dAbout to send 3 files
Prechecking is not necessary for this invocation
selected IRIDIUM
 12824    save_and_change_sensors()....
          Changed u_use_ctd_depth_for_flying from 0 to 0
          Changed c_science_on from 1 to 0
 12824    save_and_change_sensors()....
          Changed c_science_printout from 0 to 0
Waiting for motors idle
:OOD:digifin_mgr_ctrl:OUT OF DEADBAND: M_FIN:0.1447 C_FIN:0.0000
START
**B00000000000000
Starting zModem transfer of 01690012.scd to/from koskelo size is 15369
Total Bytes sent/received: 1024
Total Bytes sent/received: 2048
Total Bytes sent/received: 3072
Total Bytes sent/received: 4096
Total Bytes sent/received: 5120
Total Bytes sent/received: 6144
Total Bytes sent/received: 7168
Total Bytes sent/received: 8192
Total Bytes sent/received: 9216
Total Bytes sent/received: 10240
Total Bytes sent/received: 11264
Total Bytes sent/received: 12288
Total Bytes sent/received: 13312
Total Bytes sent/received: 14336
Total Bytes sent/received: 15360
Total Bytes sent/received: 15369
zModem transfer DONE for file 01690012.scd

Starting zModem transfer of 01690011.scd to/from koskelo size is 1160
Total Bytes sent/received: 1024
Total Bytes sent/received: 1160
zModem transfer DONE for file 01690011.scd

Starting zModem transfer of 01690007.scd to/from koskelo size is 15463
Total Bytes sent/received: 1024
Total Bytes sent/received: 2048
Total Bytes sent/received: 3072
Total Bytes sent/received: 4096
Total Bytes sent/received: 5120
Total Bytes sent/received: 6144
Total Bytes sent/received: 7168
Total Bytes sent/received: 8192
Total Bytes sent/received: 9216
Total Bytes sent/received: 10240
Total Bytes sent/received: 11264
Total Bytes sent/received: 12288
Total Bytes sent/received: 13312
Total Bytes sent/received: 14336
Total Bytes sent/received: 15360
Total Bytes sent/received: 15463
zModem transfer DONE for file 01690007.scd
 13038    restore_sensors()....
          Restored u_use_ctd_depth_for_flying from 0 to 0
          Restored c_science_on from 0 to 1
 13038    restore_sensors()....
 13038    restore_sensors()....
          Restored c_science_printout from 0 to 0

SHUFFLING FILES ...
 13038    GLD: Sent 3 file(s):
01690012.scd  01690011.scd  01690007.scd
GLD: SUCCESS
Glider-Science software version match: 10.090000
Science hardware version is 3.000000
 13045 30 SCI:PROGLET house_elf begin() called
 13045    SCI:   house_elf: Version 1.2
 13045    SCI:PROGLET ctd41cp begin() called
 13045    SCI:   ctd41cp: Version 0.2
 13045    SCI:     ctd41cp:  Will be sending the following data to glider:
 13045    SCI:           sci_water_cond(s/m)
 13045    SCI:           sci_water_temp(degc)
 13045    SCI:           sci_water_pressure(bar)
 13045    SCI:           sci_ctd41cp_timestamp(timestamp)
 13045    SCI:PROGLET seaOWL begin() called
 13045    SCI:   seaOWL: Version 0.1
 13045    SCI:     seaOWL:  Will be sending following data to glider:
 13045    SCI:           sci_seaowl_chl_scaled(ug/l)
 13045    SCI:           sci_seaowl_bb_scaled(nodim)
 13045    SCI:           sci_seaowl_fdom_scaled(ppb)
 13045    SCI:           sci_seaowl_chl_sig(nodim)
 13045    SCI:           sci_seaowl_bb_sig(nodim)
 13045    SCI:           sci_seaowl_fdom_sig(nodim)
 13045    SCI:           sci_seaowl_timestamp(timestamp)
 13045    SCI:           sci_generic_a(nodim)
 13045    SCI:           sci_generic_b(nodim)
 13045    SCI:           sci_generic_c(nodim)
 13045    SCI:           sci_generic_d(nodim)
 13045    SCI:           sci_generic_e(nodim)
 13045    SCI:           sci_generic_f(nodim)
 13045    SCI:           sci_generic_g(nodim)
 13045    SCI:           sci_generic_h(nodim)
 13045    SCI:           sci_generic_i(nodim)
 13045    SCI:           sci_generic_j(nodim)
 13045    SCI:           sci_generic_k(nodim)
 13045    SCI:           sci_generic_l(nodim)
 13045    SCI:           sci_generic_m(nodim)
 13045    SCI:           sci_generic_n(nodim)
 13045    SCI:           sci_generic_o(nodim)
 13045    SCI:           sci_generic_p(nodim)
 13045    SCI:           sci_generic_q(nodim)
 13045    SCI:           sci_generic_r(nodim)
 13045    SCI:           sci_generic_s(nodim)
 13045    SCI:           sci_ge