Connection Event: Carrier Detect found. 15458    Iridium console active and ready...
Vehicle Name: koskelo
Curr Time: Thu Nov  9 17:58:46 2023 MT:   15458
DR  Location:  5947.900 N  2316.475 E measured     93.331 secs ago
GPS TooFar:   69696969.000 N 69696969.000 E measured     1e+308 secs ago
GPS Invalid :  5948.383 N  2317.136 E measured    168.552 secs ago
GPS Location:  5947.900 N  2316.475 E measured     93.525 secs ago
   sensor:c_autoballast_state(enum)=0              1e+308 secs ago
   sensor:c_climb_bpump(X)=1000                    1e+308 secs ago
   sensor:c_dive_bpump(X)=-1000                    1e+308 secs ago
   sensor:c_iridium_current_num(enum)=1           10248.1 secs ago
   sensor:c_wpt_lat(lat)=5947.81                   1858.4 secs ago
   sensor:c_wpt_lon(lon)=2316.42                   1858.4 secs ago
   sensor:m_battery(volts)=16.3655571874944        20.544 secs ago
   sensor:m_bms_aft_current(amp)=0.189684           4.683 secs ago
   sensor:m_bms_ebay_current(amp)=-0.000937         4.714 secs ago
   sensor:m_bms_pitch_current(amp)=0.173128         4.746 secs ago
   sensor:m_coulomb_amphr(amp-hrs)=3.049993         4.602 secs ago
   sensor:m_coulomb_amphr_total(amp-hrs)=3.336245        4.606 secs ago
   sensor:m_digifin_leakdetect_reading(nodim)=1022        4.832 secs ago
   sensor:m_iridium_attempt_num(nodim)=4           36.835 secs ago
   sensor:m_iridium_signal_strength(nodim)=4       24.829 secs ago
   sensor:m_leakdetect_voltage(volts)=2.47832722832723       20.539 secs ago
   sensor:m_leakdetect_voltage_forward(volts)=2.48092185592186       20.504 secs ago
   sensor:m_leakdetect_voltage_science(volts)=2.48214285714286       20.468 secs ago
   sensor:m_lithium_battery_relative_charge(%)=98.4482581395349        4.636 secs ago
   sensor:m_tot_num_inflections(nodim)=9458       181.519 secs ago
   sensor:m_vacuum(inHg)=8.42217245421245            84.5 secs ago
   sensor:m_water_vx(m/s)=0.024217001734731        93.437 secs ago
   sensor:m_water_vy(m/s)=-0.051967661330552       93.441 secs ago
   sensor:u_alt_min_depth(m)=2                     1e+308 secs ago
   sensor:u_use_current_correction(nodim)=1        1e+308 secs ago
   sensor:x_last_wpt_lat(lat)=5948.16             1858.48 secs ago
   sensor:x_last_wpt_lon(lon)=2316.71             1858.49 secs ago
 15458    No login script found for processing.




Glider koskelo at surface.
Because:pitch not commanded [behavior surface_4 start_when = 2.0]
MissionName:tvr20233.mi MissionNum:koskelo-2023-312-4-9 (0170.0009)
Vehicle Name: koskelo
Curr Time: Thu Nov  9 17:59:18 2023 MT:   15490
DR  Location:  5947.900 N  2316.475 E measured    124.822 secs ago
GPS TooFar:   69696969.000 N 69696969.000 E measured     1e+308 secs ago
GPS Invalid :  5948.383 N  2317.136 E measured    200.043 secs ago
GPS Location:  5947.900 N  2316.475 E measured    125.016 secs ago
   sensor:c_autoballast_state(enum)=0              1e+308 secs ago
   sensor:c_climb_bpump(X)=1000                    1e+308 secs ago
   sensor:c_dive_bpump(X)=-1000                    1e+308 secs ago
   sensor:c_iridium_current_num(enum)=1           10279.5 secs ago
   sensor:c_wpt_lat(lat)=5947.81                  1889.89 secs ago
   sensor:c_wpt_lon(lon)=2316.42                  1889.89 secs ago
   sensor:m_battery(volts)=16.3655571874944        52.035 secs ago
   sensor:m_bms_aft_current(amp)=0.198124           3.423 secs ago
   sensor:m_bms_ebay_current(amp)=-0.000937         3.454 secs ago
   sensor:m_bms_pitch_current(amp)=0.168124         3.486 secs ago
   sensor:m_coulomb_amphr(amp-hrs)=3.053777         3.343 secs ago
   sensor:m_coulomb_amphr_total(amp-hrs)=3.340029        3.346 secs ago
   sensor:m_digifin_leakdetect_reading(nodim)=1022        3.572 secs ago
   sensor:m_iridium_attempt_num(nodim)=4           68.327 secs ago
   sensor:m_iridium_signal_strength(nodim)=4        56.32 secs ago
   sensor:m_leakdetect_voltage(volts)=2.47832722832723        52.03 secs ago
   sensor:m_leakdetect_voltage_forward(volts)=2.48092185592186       51.995 secs ago
   sensor:m_leakdetect_voltage_science(volts)=2.48214285714286       51.959 secs ago
   sensor:m_lithium_battery_relative_charge(%)=98.4464981395349        3.376 secs ago
   sensor:m_tot_num_inflections(nodim)=9458        213.01 secs ago
   sensor:m_vacuum(inHg)=8.42217245421245         115.991 secs ago
   sensor:m_water_vx(m/s)=0.024217001734731       124.928 secs ago
   sensor:m_water_vy(m/s)=-0.051967661330552      124.932 secs ago
   sensor:u_alt_min_depth(m)=2                     1e+308 secs ago
   sensor:u_use_current_correction(nodim)=1        1e+308 secs ago
   sensor:x_last_wpt_lat(lat)=5948.16             1889.97 secs ago
   sensor:x_last_wpt_lon(lon)=2316.71             1889.98 secs ago
devices:(t/m/s) errs:   0/   0/   0 warn:   2/   2/   1 odd:  32/  14/   7
ABORT HISTORY: total since reset: 0

   Hit Control-R to RESUME the mission, i.e. dive!
   Hit Control-C to END    the mission, i.e. GliderDos
   Hit Control-E to extend surface time by 5 minutes.
   Hit Control-W to get device warning reports.
   Hit Control-F to re-read yo, goto_l, surface, sample, drift_ mafiles.
   Hit H <n> <0:1> to Hangup and call back in <n> minutes at 0-primary 1-alternate number.
   Hit S [-f={rf}|{irid] [-num=<n>] [-t=<s>] [filespec ...] to send log files
   Hit ! <GliderDos cmd>  to execute <GliderDos cmd>
   Hit Control-T to consci to science computer when comms ready:
                                               ... communications ready for consci.

Water Velocity Calculations COMPLETE
Waypoint: (5947.8100,2316.4200) Range: 175m, Bearing: 188deg, Age: 0:31h:m
Time until diving is: 175 secs
:OOD:digifin_mgr_ctrl:OUT OF DEADBAND: M_FIN:-0.0405 C_FIN:0.0000
s *.scd *.tcd -num=3

--------------------------------
 15507 28 01700009.mcg LOG FILE CLOSED
SCIENCE DATA LOGGING: science IS running
CONSCI REQUESTED (using IRIDIUM as console)
ASKING SCIENCE COMPUTER TO SWITCH TO COMMAND MODE via IRIDIUM
SWITCHING TO SCIENCE COMMAND MODE over IRIDIUM
Normal operation resumes when:
    SciDos> QUIT              -or-
    Lose CD (unplug freewave/hangup iridium) -or-
    run longer than U_SCI_CMD_MAX_CONSCI_TIME(3600)s
 15516 31 Neutering the Freewave Console
SCI: Implicitly limiting total transfer to 1800 secs, representing 180 KB total size
SCI: Enumerating and selecting files
About to send 3 files
Prechecking is not necessary for this invocation
START
**B00000000000000
Starting zModem transfer of 01700009.tcd to/from koskelo size is 8742
Total Bytes sent/received: 1024