Connection Event: Carrier Detect found. 28850    Iridium console active and ready...
Vehicle Name: koskelo
Curr Time: Thu Nov  9 21:42:08 2023 MT:   28850
DR  Location:  5946.280 N  2315.553 E measured     48.621 secs ago
GPS TooFar:   69696969.000 N 69696969.000 E measured     1e+308 secs ago
GPS Invalid :  5946.381 N  2315.625 E measured    123.728 secs ago
GPS Location:  5946.280 N  2315.553 E measured     48.682 secs ago
   sensor:c_autoballast_state(enum)=0              1e+308 secs ago
   sensor:c_climb_bpump(X)=1000                    1e+308 secs ago
   sensor:c_dive_bpump(X)=-1000                    1e+308 secs ago
   sensor:c_iridium_current_num(enum)=1           23640.5 secs ago
   sensor:c_wpt_lat(lat)=5945.97                  3554.28 secs ago
   sensor:c_wpt_lon(lon)=2315.3                   3554.28 secs ago
   sensor:m_battery(volts)=16.3453528863793        43.713 secs ago
   sensor:m_bms_aft_current(amp)=0.271872           3.911 secs ago
   sensor:m_bms_ebay_current(amp)=-0.000937         3.942 secs ago
   sensor:m_bms_pitch_current(amp)=0.226876         3.974 secs ago
   sensor:m_coulomb_amphr(amp-hrs)=4.257448          3.83 secs ago
   sensor:m_coulomb_amphr_total(amp-hrs)=4.54369999999998        3.834 secs ago
   sensor:m_digifin_leakdetect_reading(nodim)=1022        0.071 secs ago
   sensor:m_iridium_attempt_num(nodim)=2           40.074 secs ago
   sensor:m_iridium_signal_strength(nodim)=5       28.068 secs ago
   sensor:m_leakdetect_voltage(volts)=2.47783882783883       55.895 secs ago
   sensor:m_leakdetect_voltage_forward(volts)=2.48092185592186       55.859 secs ago
   sensor:m_leakdetect_voltage_science(volts)=2.48162393162393       55.824 secs ago
   sensor:m_lithium_battery_relative_charge(%)=97.8866511627907        3.865 secs ago
   sensor:m_tot_num_inflections(nodim)=9494       136.755 secs ago
   sensor:m_vacuum(inHg)=8.17755062271062          63.859 secs ago
   sensor:m_water_vx(m/s)=-0.003300904400418       48.727 secs ago
   sensor:m_water_vy(m/s)=-0.029122032925485       48.731 secs ago
   sensor:u_alt_min_depth(m)=2                     1e+308 secs ago
   sensor:u_use_current_correction(nodim)=1        1e+308 secs ago
   sensor:x_last_wpt_lat(lat)=5946.8              3554.37 secs ago
   sensor:x_last_wpt_lon(lon)=2315.89             3554.37 secs ago
 28850    No login script found for processing.
:OOD:digifin_mgr_ctrl:OUT OF DEADBAND: M_FIN:-0.0811 C_FIN:0.0000




Glider koskelo at surface.
Because:pitch not commanded [behavior surface_4 start_when = 2.0]
MissionName:tvr20233.mi MissionNum:koskelo-2023-312-4-14 (0170.0014)
Vehicle Name: koskelo
Curr Time: Thu Nov  9 21:42:28 2023 MT:   28870
DR  Location:  5946.280 N  2315.553 E measured     68.124 secs ago
GPS TooFar:   69696969.000 N 69696969.000 E measured     1e+308 secs ago
GPS Invalid :  5946.381 N  2315.625 E measured    143.231 secs ago
GPS Location:  5946.280 N  2315.553 E measured     68.185 secs ago
   sensor:c_autoballast_state(enum)=0              1e+308 secs ago
   sensor:c_climb_bpump(X)=1000                    1e+308 secs ago
   sensor:c_dive_bpump(X)=-1000                    1e+308 secs ago
   sensor:c_iridium_current_num(enum)=1             23660 secs ago
   sensor:c_wpt_lat(lat)=5945.97                  3573.78 secs ago
   sensor:c_wpt_lon(lon)=2315.3                   3573.79 secs ago
   sensor:m_battery(volts)=16.3453528863793        63.216 secs ago
   sensor:m_bms_aft_current(amp)=0.314688           3.425 secs ago
   sensor:m_bms_ebay_current(amp)=-0.00125          3.456 secs ago
   sensor:m_bms_pitch_current(amp)=0.280624         3.488 secs ago
   sensor:m_coulomb_amphr(amp-hrs)=4.261232         3.344 secs ago
   sensor:m_coulomb_amphr_total(amp-hrs)=4.54748399999998        3.347 secs ago
   sensor:m_digifin_leakdetect_reading(nodim)=1022        3.575 secs ago
   sensor:m_iridium_attempt_num(nodim)=2           59.577 secs ago
   sensor:m_iridium_signal_strength(nodim)=5       47.571 secs ago
   sensor:m_leakdetect_voltage(volts)=2.47857142857143        11.19 secs ago
   sensor:m_leakdetect_voltage_forward(volts)=2.48116605616606       11.154 secs ago
   sensor:m_leakdetect_voltage_science(volts)=2.48241758241758       11.119 secs ago
   sensor:m_lithium_battery_relative_charge(%)=97.8848911627907        3.378 secs ago
   sensor:m_tot_num_inflections(nodim)=9494       156.258 secs ago
   sensor:m_vacuum(inHg)=8.17755062271062          83.362 secs ago
   sensor:m_water_vx(m/s)=-0.003300904400418        68.23 secs ago
   sensor:m_water_vy(m/s)=-0.029122032925485       68.234 secs ago
   sensor:u_alt_min_depth(m)=2                     1e+308 secs ago
   sensor:u_use_current_correction(nodim)=1        1e+308 secs ago
   sensor:x_last_wpt_lat(lat)=5946.8              3573.87 secs ago
   sensor:x_last_wpt_lon(lon)=2315.89             3573.88 secs ago
devices:(t/m/s) errs:   0/   0/   0 warn:   4/   4/   1 odd:  36/  18/   1
ABORT HISTORY: total since reset: 0

   Hit Control-R to RESUME the mission, i.e. dive!
   Hit Control-C to END    the mission, i.e. GliderDos
   Hit Control-E to extend surface time by 5 minutes.
   Hit Control-W to get device warning reports.
   Hit Control-F to re-read yo, goto_l, surface, sample, drift_ mafiles.
   Hit H <n> <0:1> to Hangup and call back in <n> minutes at 0-primary 1-alternate number.
   Hit S [-f={rf}|{irid] [-num=<n>] [-t=<s>] [filespec ...] to send log files
   Hit ! <GliderDos cmd>  to execute <GliderDos cmd>
   Hit Control-T to consci to science computer when comms ready:
                                               ... communications ready for consci.

Water Velocity Calculations COMPLETE
Waypoint: (5945.9700,2315.3000) Range: 623m, Bearing: 193deg, Age: 0:59h:m
Time until diving is: 232 secs
:OOD:digifin_mgr_ctrl:OUT OF DEADBAND: M_FIN:0.0637 C_FIN:0.0000
^R 28889 90 behavior surface_4: User typed Control-R, resuming


   I heard a Control-R
   RESUMING MISSION

 28890    01700014.mcg LOG FILE CLOSED
Doing system wide housekeeping.......
report_heap_size(): M_FREE_HEAP=244.5K(250412 bytes)
                    M_MIN_FREE_HEAP=163.8K(167724 bytes)
                    M_SRAM_FREE_HEAP=1293.2K(1324272 bytes)
                    M_SRAM_MIN_FREE_HEAP=1162.2K(1190072 bytes)
Running algorithm to free disk space if required
Not necessary to delete any files at this time
Scanning free space...
Megabytes used      on c: = 567.593750
Megabytes available on c: = 7307.406250
Megabytes used      on w: = 0.021973
Megabytes available on w: = 0.978027
Writing longterm state disk file: c:/state/longterm.sta
   f_ocean_pressure_min(volts) 0.098010
   m_avg_climb_rate(m/s) -0.183953
   m_avg_speed(m/s) 0.273516
   m_avg_upward_inflection_time(sec) 28.066365
   m_battery(volts) 16.343771
   m_coulomb_amphr_total(amp-hrs) 4.551268
   m_iridium_call_num(nodim) 1143.000000
   m_iridium_dialed_num(nodim) 1818.000000
   m_lat(lat) 5946.280200
   m_lon(lon) 2315.552500
   m_pump_effective_num_cycles(nodim) 657.295164
   m_tot_ballast_pumped_energy(kjoules) 1539.662441
   m_tot_horz_dist(km) 1071.474555
   m_tot_num_inflections(nodim) 9494.000000
   m_tot_num_thermal_valve_cmd(nodim) 0.000000
   m_weight_drop(bool) 0.000000
   s_water_depth_avg(m) 200.000000
   s_water_depth_delta(m) 0.000000
   s_water_depth_wavelength(m) 100.000000
   x_hover_b