Connection Event: Carrier Detect found. 14868    Iridium console active and ready...
Vehicle Name: koskelo
Curr Time: Thu Nov  9 13:10:08 2023 MT:   14868
DR  Location:  5949.182 N  2318.031 E measured      54.28 secs ago
GPS TooFar:   69696969.000 N 69696969.000 E measured     1e+308 secs ago
GPS Invalid :  5949.175 N  2318.017 E measured    123.556 secs ago
GPS Location:  5949.182 N  2318.031 E measured     58.279 secs ago
   sensor:c_autoballast_state(enum)=0              1e+308 secs ago
   sensor:c_climb_bpump(X)=1000                    1e+308 secs ago
   sensor:c_dive_bpump(X)=-1000                    1e+308 secs ago
   sensor:c_iridium_current_num(enum)=0           7060.68 secs ago
   sensor:c_wpt_lat(lat)=5949.17                  1019.96 secs ago
   sensor:c_wpt_lon(lon)=2318                     1019.97 secs ago
   sensor:m_battery(volts)=16.3947861442356         3.811 secs ago
   sensor:m_bms_aft_current(amp)=0.13906                4 secs ago
   sensor:m_bms_ebay_current(amp)=-0.000625         4.031 secs ago
   sensor:m_bms_pitch_current(amp)=0.116562         4.063 secs ago
   sensor:m_coulomb_amphr(amp-hrs)=1.492496          3.92 secs ago
   sensor:m_coulomb_amphr_total(amp-hrs)=1.778748        3.924 secs ago
   sensor:m_digifin_leakdetect_reading(nodim)=1021        0.072 secs ago
   sensor:m_iridium_attempt_num(nodim)=1           47.803 secs ago
   sensor:m_iridium_signal_strength(nodim)=5       36.812 secs ago
   sensor:m_leakdetect_voltage(volts)=2.4779304029304         40.5 secs ago
   sensor:m_leakdetect_voltage_forward(volts)=2.48122710622711       40.465 secs ago
   sensor:m_leakdetect_voltage_science(volts)=2.48202075702076        40.43 secs ago
   sensor:m_lithium_battery_relative_charge(%)=99.1726753488372        3.953 secs ago
   sensor:m_tot_num_inflections(nodim)=9414       391.828 secs ago
   sensor:m_vacuum(inHg)=8.93202652014652           3.819 secs ago
   sensor:m_water_vx(m/s)=-0.027301986562176      271.927 secs ago
   sensor:m_water_vy(m/s)=-0.04432717803314       271.931 secs ago
   sensor:u_alt_min_depth(m)=2                     1e+308 secs ago
   sensor:u_use_current_correction(nodim)=1        1e+308 secs ago
   sensor:x_last_wpt_lat(lat)=5949.17             1020.05 secs ago
   sensor:x_last_wpt_lon(lon)=2317.89             1020.05 secs ago

GliderDos N -1 > 14868    No login script found for processing.

GliderDos N -1 >:OOD:digifin_mgr_ctrl:OUT OF DEADBAND: M_FIN:0.1216 C_FIN:0.0000

GliderDos N -1 >REVERTING FROM SCIENCE COMMAND MODE
SCIENCE COMMAND MODE TERMINATED because:
   Science Program QUIT (cts lowered)

GliderDos N -1 >szs 624c16b7.ccc
SCIENCE DATA LOGGING: science IS running
CONSCI REQUESTED (using FREEWAVE as console)
ASKING SCIENCE COMPUTER TO SWITCH TO COMMAND MODE via FREEWAVE
SWITCHING TO SCIENCE COMMAND MODE over FREEWAVE
Normal operation resumes when:
    SciDos> QUIT              -or-
    Lose CD (unplug freewave/hangup iridium) -or-
    run longer than U_SCI_CMD_MAX_CONSCI_TIME(3600)s
REVERTING FROM SCIENCE COMMAND MODE
SCIENCE COMMAND MODE TERMINATED because:
   Science Program QUIT (cts lowered)

GliderDos N -1 >:OOD:digifin_mgr_ctrl:OUT OF DEADBAND: M_FIN:0.0840 C_FIN:0.0000

GliderDos N -1 >
Vehicle Name: koskelo
 15129 44 GliderDos: No keystroke heard for 120 seconds
          480 seconds to go before running:SEQUENCE -resume_next

GliderDos N -1 >:OOD:digifin_mgr_ctrl:OUT OF DEADBAND: M_FIN:-0.1650 C_FIN:0.0000
 15149 50 db(#/min/mn/max/sd) pitch_motor 1800 -0.094 0.011 0.092 0.045 in
 15149    db(#/min/mn/max/sd) pitch_motor 1800 -36 4 35 17 mV
callback