Connection Event: Carrier Detect found.  9412    Iridium console active and ready...
Vehicle Name: koskelo
Curr Time: Thu Nov  9 11:39:09 2023 MT:    9412
DR  Location:  5949.156 N  2317.904 E measured     48.578 secs ago
GPS TooFar:   69696969.000 N 69696969.000 E measured     1e+308 secs ago
GPS Invalid :  5949.155 N  2317.899 E measured    149.703 secs ago
GPS Location:  5949.156 N  2317.904 E measured     49.781 secs ago
   sensor:c_autoballast_state(enum)=0              1e+308 secs ago
   sensor:c_climb_bpump(X)=1000                    1e+308 secs ago
   sensor:c_dive_bpump(X)=-1000                    1e+308 secs ago
   sensor:c_iridium_current_num(enum)=0           1604.77 secs ago
   sensor:c_wpt_lat(lat)=5949.17                  188.644 secs ago
   sensor:c_wpt_lon(lon)=2318                     188.648 secs ago
   sensor:m_battery(volts)=16.4022993585519         7.784 secs ago
   sensor:m_bms_aft_current(amp)=0.208128           3.933 secs ago
   sensor:m_bms_ebay_current(amp)=-0.000937         3.964 secs ago
   sensor:m_bms_pitch_current(amp)=0.20906          3.996 secs ago
   sensor:m_coulomb_amphr(amp-hrs)=0.977496         3.852 secs ago
   sensor:m_coulomb_amphr_total(amp-hrs)=1.263748        3.856 secs ago
   sensor:m_digifin_leakdetect_reading(nodim)=1003        4.081 secs ago
   sensor:m_iridium_attempt_num(nodim)=2           44.084 secs ago
   sensor:m_iridium_signal_strength(nodim)=5       32.078 secs ago
   sensor:m_leakdetect_voltage(volts)=2.4784188034188        3.829 secs ago
   sensor:m_leakdetect_voltage_forward(volts)=2.48137973137973        3.794 secs ago
   sensor:m_leakdetect_voltage_science(volts)=2.48235653235653        3.758 secs ago
   sensor:m_lithium_battery_relative_charge(%)=99.4122102325581        3.886 secs ago
   sensor:m_tot_num_inflections(nodim)=9402       176.769 secs ago
   sensor:m_vacuum(inHg)=8.65632014652015          43.791 secs ago
   sensor:m_water_vx(m/s)=-0.020491082796414      112.697 secs ago
   sensor:m_water_vy(m/s)=-0.070891643382125      112.701 secs ago
   sensor:u_alt_min_depth(m)=2                     1e+308 secs ago
   sensor:u_use_current_correction(nodim)=1        1e+308 secs ago
   sensor:x_last_wpt_lat(lat)=5949.17             188.732 secs ago
   sensor:x_last_wpt_lon(lon)=2317.89             188.736 secs ago
  9412    No login script found for processing.
:OOD:digifin_mgr_ctrl:OUT OF DEADBAND: M_FIN:-0.0203 C_FIN:0.0000




Glider koskelo at surface.
Because:pitch not commanded [behavior surface_4 start_when = 2.0]
MissionName:tvr20233.mi MissionNum:koskelo-2023-312-3-7 (0169.0007)
Vehicle Name: koskelo
Curr Time: Thu Nov  9 11:39:22 2023 MT:    9425
DR  Location:  5949.156 N  2317.904 E measured     60.813 secs ago
GPS TooFar:   69696969.000 N 69696969.000 E measured     1e+308 secs ago
GPS Invalid :  5949.155 N  2317.899 E measured    161.938 secs ago
GPS Location:  5949.156 N  2317.904 E measured     62.016 secs ago
   sensor:c_autoballast_state(enum)=0              1e+308 secs ago
   sensor:c_climb_bpump(X)=1000                    1e+308 secs ago
   sensor:c_dive_bpump(X)=-1000                    1e+308 secs ago
   sensor:c_iridium_current_num(enum)=0              1617 secs ago
   sensor:c_wpt_lat(lat)=5949.17                  200.879 secs ago
   sensor:c_wpt_lon(lon)=2318                     200.883 secs ago
   sensor:m_battery(volts)=16.4022993585519        20.019 secs ago
   sensor:m_bms_aft_current(amp)=0.277184           3.282 secs ago
   sensor:m_bms_ebay_current(amp)=-0.000937         3.313 secs ago
   sensor:m_bms_pitch_current(amp)=0.246876         3.344 secs ago
   sensor:m_coulomb_amphr(amp-hrs)=0.978744         3.201 secs ago
   sensor:m_coulomb_amphr_total(amp-hrs)=1.264996        3.205 secs ago
   sensor:m_digifin_leakdetect_reading(nodim)=1021        7.572 secs ago
   sensor:m_iridium_attempt_num(nodim)=2           56.318 secs ago
   sensor:m_iridium_signal_strength(nodim)=5       44.313 secs ago
   sensor:m_leakdetect_voltage(volts)=2.4784188034188       16.064 secs ago
   sensor:m_leakdetect_voltage_forward(volts)=2.48137973137973       16.028 secs ago
   sensor:m_leakdetect_voltage_science(volts)=2.48235653235653       15.993 secs ago
   sensor:m_lithium_battery_relative_charge(%)=99.4116297674419        3.235 secs ago
   sensor:m_tot_num_inflections(nodim)=9402       189.004 secs ago
   sensor:m_vacuum(inHg)=8.65632014652015          56.026 secs ago
   sensor:m_water_vx(m/s)=-0.020491082796414      124.932 secs ago
   sensor:m_water_vy(m/s)=-0.070891643382125      124.935 secs ago
   sensor:u_alt_min_depth(m)=2                     1e+308 secs ago
   sensor:u_use_current_correction(nodim)=1        1e+308 secs ago
   sensor:x_last_wpt_lat(lat)=5949.17             200.966 secs ago
   sensor:x_last_wpt_lon(lon)=2317.89              200.97 secs ago
devices:(t/m/s) errs:   0/   0/   0 warn:   0/   0/   0 odd:  14/  14/   0
ABORT HISTORY: total since reset: 0

   Hit Control-R to RESUME the mission, i.e. dive!
   Hit Control-C to END    the mission, i.e. GliderDos
   Hit Control-E to extend surface time by 5 minutes.
   Hit Control-W to get device warning reports.
   Hit Control-F to re-read yo, goto_l, surface, sample, drift_ mafiles.
   Hit H <n> <0:1> to Hangup and call back in <n> minutes at 0-primary 1-alternate number.
   Hit S [-f={rf}|{irid] [-num=<n>] [-t=<s>] [filespec ...] to send log files
   Hit ! <GliderDos cmd>  to execute <GliderDos cmd>
   Hit Control-T to consci to science computer when comms ready:
                                               ... communications ready for consci.

Water Velocity Calculations waiting for final gps fix(ideally -65 secs)
Waypoint: (5949.1700,2318.0000) Range: 93m, Bearing: 65deg, Age: 0:3h:m
Time until diving is: 235 secs
:OOD:digifin_mgr_ctrl:OUT OF DEADBAND: M_FIN:-0.0579 C_FIN:0.0000
:OOD:digifin_mgr_ctrl:OUT OF DEADBAND: M_FIN:-0.1534 C_FIN:0.0000
s *.scd *.tcd -num=3

--------------------------------
  9449 41 01690007.mcg LOG FILE CLOSED
SCIENCE DATA LOGGING: science IS running
CONSCI REQUESTED (using IRIDIUM as console)
ASKING SCIENCE COMPUTER TO SWITCH TO COMMAND MODE via IRIDIUM
SWITCHING TO SCIENCE COMMAND MODE over IRIDIUM
Normal operation resumes when:
    SciDos> QUIT              -or-
    Lose CD (unplug freewave/hangup iridium) -or-
    run longer than U_SCI_CMD_MAX_CONSCI_TIME(3600)s
  9458 44 Neutering the Freewave Console
SCI: Implicitly limiting total transfer to 1800 secs, representing 180 KB total size
SCI: Enumerating and selecting files
About to send 3 files
Prechecking is not necessary for this invocation
START
**B00000000000000