Connection Event: Carrier Detect found. 21334    Iridium console active and ready...
Vehicle Name: koskelo
Curr Time: Fri Nov 10 21:28:26 2023 MT:   21334
DR  Location:  5944.371 N  2313.860 E measured     97.332 secs ago
GPS TooFar:   69696969.000 N 69696969.000 E measured     1e+308 secs ago
GPS Invalid :  5944.434 N  2313.871 E measured     171.49 secs ago
GPS Location:  5944.370 N  2313.860 E measured     97.423 secs ago
   sensor:c_autoballast_state(enum)=0              1e+308 secs ago
   sensor:c_climb_bpump(X)=1000                    1e+308 secs ago
   sensor:c_dive_bpump(X)=-1000                    1e+308 secs ago
   sensor:c_iridium_current_num(enum)=1           8847.48 secs ago
   sensor:c_wpt_lat(lat)=5944.13                  3377.13 secs ago
   sensor:c_wpt_lon(lon)=2313.69                  3377.14 secs ago
   sensor:m_battery(volts)=16.2669323996984        40.546 secs ago
   sensor:m_bms_aft_current(amp)=0.216252           4.674 secs ago
   sensor:m_bms_ebay_current(amp)=-0.000937         4.705 secs ago
   sensor:m_bms_pitch_current(amp)=0.185624         4.737 secs ago
   sensor:m_coulomb_amphr(amp-hrs)=11.82996         4.593 secs ago
   sensor:m_coulomb_amphr_total(amp-hrs)=12.116212        4.597 secs ago
   sensor:m_digifin_leakdetect_reading(nodim)=1016         0.07 secs ago
   sensor:m_iridium_attempt_num(nodim)=5           40.838 secs ago
   sensor:m_iridium_signal_strength(nodim)=5       28.831 secs ago
   sensor:m_leakdetect_voltage(volts)=2.47847985347985       16.579 secs ago
   sensor:m_leakdetect_voltage_forward(volts)=2.48156288156288       16.544 secs ago
   sensor:m_leakdetect_voltage_science(volts)=2.48238705738706       16.508 secs ago
   sensor:m_lithium_battery_relative_charge(%)=94.3645525581396        4.627 secs ago
   sensor:m_tot_num_inflections(nodim)=9708       185.518 secs ago
   sensor:m_vacuum(inHg)=8.04071106227106         120.623 secs ago
   sensor:m_water_vx(m/s)=0.051944573587826        97.438 secs ago
   sensor:m_water_vy(m/s)=0.030743245921661        97.442 secs ago
   sensor:u_alt_min_depth(m)=2                     1e+308 secs ago
   sensor:u_use_current_correction(nodim)=1        1e+308 secs ago
   sensor:x_last_wpt_lat(lat)=5944.71             3377.22 secs ago
   sensor:x_last_wpt_lon(lon)=2314.05             3377.23 secs ago
 21334    No login script found for processing.




Glider koskelo at surface.
Because:pitch not commanded [behavior surface_4 start_when = 2.0]
MissionName:vm2023.mi MissionNum:koskelo-2023-313-3-5 (0174.0005)
Vehicle Name: koskelo
Curr Time: Fri Nov 10 21:28:54 2023 MT:   21362
DR  Location:  5944.371 N  2313.860 E measured    124.834 secs ago
GPS TooFar:   69696969.000 N 69696969.000 E measured     1e+308 secs ago
GPS Invalid :  5944.434 N  2313.871 E measured    198.992 secs ago
GPS Location:  5944.370 N  2313.860 E measured    124.925 secs ago
   sensor:c_autoballast_state(enum)=0              1e+308 secs ago
   sensor:c_climb_bpump(X)=1000                    1e+308 secs ago
   sensor:c_dive_bpump(X)=-1000                    1e+308 secs ago
   sensor:c_iridium_current_num(enum)=1           8874.98 secs ago
   sensor:c_wpt_lat(lat)=5944.13                  3404.64 secs ago
   sensor:c_wpt_lon(lon)=2313.69                  3404.64 secs ago
   sensor:m_battery(volts)=16.2669605272499         3.284 secs ago
   sensor:m_bms_aft_current(amp)=0.2025             3.422 secs ago
   sensor:m_bms_ebay_current(amp)=-0.000937         3.453 secs ago
   sensor:m_bms_pitch_current(amp)=0.169376         3.485 secs ago
   sensor:m_coulomb_amphr(amp-hrs)=11.833624        3.341 secs ago
   sensor:m_coulomb_amphr_total(amp-hrs)=12.119876        3.345 secs ago
   sensor:m_digifin_leakdetect_reading(nodim)=1022        3.572 secs ago
   sensor:m_iridium_attempt_num(nodim)=5            68.34 secs ago
   sensor:m_iridium_signal_strength(nodim)=5       56.333 secs ago
   sensor:m_leakdetect_voltage(volts)=2.47847985347985       44.081 secs ago
   sensor:m_leakdetect_voltage_forward(volts)=2.48156288156288       44.046 secs ago
   sensor:m_leakdetect_voltage_science(volts)=2.48238705738706        44.01 secs ago
   sensor:m_lithium_battery_relative_charge(%)=94.362848372093        3.375 secs ago
   sensor:m_tot_num_inflections(nodim)=9708        213.02 secs ago
   sensor:m_vacuum(inHg)=8.93844615384616          27.147 secs ago
   sensor:m_water_vx(m/s)=0.051944573587826        124.94 secs ago
   sensor:m_water_vy(m/s)=0.030743245921661       124.944 secs ago
   sensor:u_alt_min_depth(m)=2                     1e+308 secs ago
   sensor:u_use_current_correction(nodim)=1        1e+308 secs ago
   sensor:x_last_wpt_lat(lat)=5944.71             3404.72 secs ago
   sensor:x_last_wpt_lon(lon)=2314.05             3404.73 secs ago
devices:(t/m/s) errs:   0/   0/   0 warn:  12/   2/   0 odd:  98/  13/   3
ABORT HISTORY: total since reset: 0

   Hit Control-R to RESUME the mission, i.e. dive!
   Hit Control-C to END    the mission, i.e. GliderDos
   Hit Control-E to extend surface time by 5 minutes.
   Hit Control-W to get device warning reports.
   Hit Control-F to re-read yo, goto_l, surface, sample, drift_ mafiles.
   Hit H <n> <0:1> to Hangup and call back in <n> minutes at 0-primary 1-alternate number.
   Hit S [-f={rf}|{irid] [-num=<n>] [-t=<s>] [filespec ...] to send log files
   Hit ! <GliderDos cmd>  to execute <GliderDos cmd>
   Hit Control-T to consci to science computer when comms ready:
                                               ... communications ready for consci.

Water Velocity Calculations COMPLETE
Waypoint: (5944.1300,2313.6900) Range: 474m, Bearing: 190deg, Age: 0:56h:m
Time until diving is: 175 secs
:OOD:digifin_mgr_ctrl:OUT OF DEADBAND: M_FIN:-0.0492 C_FIN:0.0000
^R 21377 28 behavior surface_4: User typed Control-R, resuming


   I heard a Control-R
   RESUMING MISSION

 21378    01740005.mcg LOG FILE CLOSED
Doing system wide housekeeping.......
report_heap_size(): M_FREE_HEAP=246.6K(252544 bytes)
                    M_MIN_FREE_HEAP=163.8K(167724 bytes)
                    M_SRAM_FREE_HEAP=1293.2K(1324272 bytes)
                    M_SRAM_MIN_FREE_HEAP=1162.2K(1190072 bytes)
Running algorithm to free disk space if required
Not necessary to delete any files at this time
Scanning free space...
Megabytes used      on c: = 577.968750
Megabytes available on c: = 7297.031250
Megabytes used      on w: = 0.021973
Megabytes available on w: = 0.978027
Writing longterm state disk file: c:/state/longterm.sta
   f_ocean_pressure_min(volts) 0.098153
   m_avg_climb_rate(m/s) -0.175333
   m_avg_speed(m/s) 0.268012
   m_avg_upward_inflection_time(sec) 27.927482
   m_battery(volts) 16.266961
   m_coulomb_amphr_total(amp-hrs) 12.122564
   m_iridium_call_num(nodim) 1167.000000
   m_iridium_dialed_num(nodim) 1853.000000
   m_lat(lat) 5944.370500
   m_lon(lon) 2313.860400
   m_pump_effective_num_cycles(nodim) 670.767228
   m_tot_ballast_pumped_energy(kjoules) 1569.335977
   m_tot_horz_dist