Connection Event: Carrier Detect found. 31044    Iridium console active and ready...
Vehicle Name: koskelo
Curr Time: Fri Nov 10 09:19:34 2023 MT:   31044
DR  Location:  5944.191 N  2313.748 E measured     48.578 secs ago
GPS TooFar:   69696969.000 N 69696969.000 E measured     1e+308 secs ago
GPS Invalid :  5944.270 N  2313.843 E measured    128.812 secs ago
GPS Location:  5944.191 N  2313.748 E measured     49.751 secs ago
   sensor:c_autoballast_state(enum)=0              1e+308 secs ago
   sensor:c_climb_bpump(X)=1000                    1e+308 secs ago
   sensor:c_dive_bpump(X)=-1000                    1e+308 secs ago
   sensor:c_iridium_current_num(enum)=0            9698.3 secs ago
   sensor:c_wpt_lat(lat)=5944.13                  6873.51 secs ago
   sensor:c_wpt_lon(lon)=2313.69                  6873.51 secs ago
   sensor:m_battery(volts)=16.3047831842442        51.795 secs ago
   sensor:m_bms_aft_current(amp)=0.245              3.932 secs ago
   sensor:m_bms_ebay_current(amp)=-0.000937         3.963 secs ago
   sensor:m_bms_pitch_current(amp)=0.214376         3.995 secs ago
   sensor:m_coulomb_amphr(amp-hrs)=7.954968         3.852 secs ago
   sensor:m_coulomb_amphr_total(amp-hrs)=8.24121999999996        3.855 secs ago
   sensor:m_digifin_leakdetect_reading(nodim)=1021        4.082 secs ago
   sensor:m_iridium_attempt_num(nodim)=2           40.074 secs ago
   sensor:m_iridium_signal_strength(nodim)=5       28.089 secs ago
   sensor:m_leakdetect_voltage(volts)=2.4784188034188       35.828 secs ago
   sensor:m_leakdetect_voltage_forward(volts)=2.48125763125763       35.792 secs ago
   sensor:m_leakdetect_voltage_science(volts)=2.48220390720391       35.757 secs ago
   sensor:m_lithium_battery_relative_charge(%)=96.1668744186047        3.886 secs ago
   sensor:m_tot_num_inflections(nodim)=9610       140.768 secs ago
   sensor:m_vacuum(inHg)=7.74473216117216         103.788 secs ago
   sensor:m_water_vx(m/s)=0.024561611898967        48.684 secs ago
   sensor:m_water_vy(m/s)=-0.072911483077032       48.688 secs ago
   sensor:u_alt_min_depth(m)=2                     1e+308 secs ago
   sensor:u_use_current_correction(nodim)=1        1e+308 secs ago
   sensor:x_last_wpt_lat(lat)=5944.71              6873.6 secs ago
   sensor:x_last_wpt_lon(lon)=2314.05              6873.6 secs ago
 31044    No login script found for processing.




Glider koskelo at surface.
Because:pitch not commanded [behavior surface_4 start_when = 2.0]
MissionName:vm2023.mi MissionNum:koskelo-2023-313-0-7 (0171.0007)
Vehicle Name: koskelo
Curr Time: Fri Nov 10 09:19:50 2023 MT:   31060
DR  Location:  5944.191 N  2313.748 E measured      64.07 secs ago
GPS TooFar:   69696969.000 N 69696969.000 E measured     1e+308 secs ago
GPS Invalid :  5944.270 N  2313.843 E measured    144.304 secs ago
GPS Location:  5944.191 N  2313.748 E measured     65.243 secs ago
   sensor:c_autoballast_state(enum)=0              1e+308 secs ago
   sensor:c_climb_bpump(X)=1000                    1e+308 secs ago
   sensor:c_dive_bpump(X)=-1000                    1e+308 secs ago
   sensor:c_iridium_current_num(enum)=0           9713.79 secs ago
   sensor:c_wpt_lat(lat)=5944.13                     6889 secs ago
   sensor:c_wpt_lon(lon)=2313.69                  6889.01 secs ago
   sensor:m_battery(volts)=16.3025519964669         3.281 secs ago
   sensor:m_bms_aft_current(amp)=0.326248           3.421 secs ago
   sensor:m_bms_ebay_current(amp)=-0.000937         3.452 secs ago
   sensor:m_bms_pitch_current(amp)=0