Connection Event: Carrier Detect found.  9593    Iridium console active and ready...
Vehicle Name: koskelo
Curr Time: Thu Nov  9 11:42:11 2023 MT:    9593
DR  Location:  5949.156 N  2317.904 E measured    229.879 secs ago
GPS TooFar:   69696969.000 N 69696969.000 E measured     1e+308 secs ago
GPS Invalid :  5949.155 N  2317.899 E measured    331.004 secs ago
GPS Location:  5949.156 N  2317.904 E measured    231.082 secs ago
   sensor:c_autoballast_state(enum)=0              1e+308 secs ago
   sensor:c_climb_bpump(X)=1000                    1e+308 secs ago
   sensor:c_dive_bpump(X)=-1000                    1e+308 secs ago
   sensor:c_iridium_current_num(enum)=0           1786.07 secs ago
   sensor:c_wpt_lat(lat)=5949.17                  369.945 secs ago
   sensor:c_wpt_lon(lon)=2318                     369.949 secs ago
   sensor:m_battery(volts)=16.4030760579606         18.87 secs ago
   sensor:m_bms_aft_current(amp)=0.147188           6.997 secs ago
   sensor:m_bms_ebay_current(amp)=-0.000625         7.028 secs ago
   sensor:m_bms_pitch_current(amp)=0.147812          7.06 secs ago
   sensor:m_coulomb_amphr(amp-hrs)=0.993752         6.916 secs ago
   sensor:m_coulomb_amphr_total(amp-hrs)=1.280004         6.92 secs ago
   sensor:m_digifin_leakdetect_reading(nodim)=1021         0.07 secs ago
   sensor:m_iridium_attempt_num(nodim)=2           43.159 secs ago
   sensor:m_iridium_signal_strength(nodim)=5       27.163 secs ago
   sensor:m_leakdetect_voltage(volts)=2.4784188034188       18.865 secs ago
   sensor:m_leakdetect_voltage_forward(volts)=2.48141025641026       18.829 secs ago
   sensor:m_leakdetect_voltage_science(volts)=2.48232600732601       18.794 secs ago
   sensor:m_lithium_battery_relative_charge(%)=99.4046493023256         6.95 secs ago
   sensor:m_tot_num_inflections(nodim)=9402        358.07 secs ago
   sensor:m_vacuum(inHg)=8.95365054945055          79.924 secs ago
   sensor:m_water_vx(m/s)=-0.020491082796414      293.998 secs ago
   sensor:m_water_vy(m/s)=-0.070891643382125      294.002 secs ago
   sensor:u_alt_min_depth(m)=2                     1e+308 secs ago
   sensor:u_use_current_correction(nodim)=1        1e+308 secs ago
   sensor:x_last_wpt_lat(lat)=5949.17             370.033 secs ago
   sensor:x_last_wpt_lon(lon)=2317.89             370.037 secs ago
  9593    No login script found for processing.
:OOD:digifin_mgr_ctrl:OUT OF DEADBAND: M_FIN:-0.0261 C_FIN:0.0000
:OOD:digifin_mgr_ctrl:OUT OF DEADBAND: M_FIN:-0.0926 C_FIN:0.0000




Glider koskelo at surface.
Because:pitch not commanded [behavior surface_4 start_when = 2.0]
MissionName:tvr20233.mi MissionNum:koskelo-2023-312-3-8 (0169.0008)
Vehicle Name: koskelo
Curr Time: Thu Nov  9 11:42:58 2023 MT:    9641
DR  Location:  5949.156 N  2317.904 E measured    277.377 secs ago
GPS TooFar:   69696969.000 N 69696969.000 E measured     1e+308 secs ago
GPS Invalid :  5949.155 N  2317.899 E measured    378.502 secs ago
GPS Location:  5949.156 N  2317.904 E measured     278.58 secs ago
   sensor:c_autoballast_state(enum)=0              1e+308 secs ago
   sensor:c_climb_bpump(X)=1000                    1e+308 secs ago
   sensor:c_dive_bpump(X)=-1000                    1e+308 secs ago
   sensor:c_iridium_current_num(enum)=0           1833.56 secs ago
   sensor:c_wpt_lat(lat)=5949.17                  417.443 secs ago
   sensor:c_wpt_lon(lon)=2318                     417.447 secs ago
   sensor:m_battery(volts)=16.400685912482          3.225 secs ago
   sensor:m_bms_aft_current(amp)=0.188752           3.414 secs ago
   sensor:m_bms_ebay_current(amp)=-0.000937         3.445 secs ago
   sensor:m_bms_pitch_current(amp)=0.1675           3.477 secs ago
   sensor:m_coulomb_amphr(amp-hrs)=1.000004         3.333 secs ago
   sensor:m_coulomb_amphr_total(amp-hrs)=1.286256        3.337 secs ago
   sensor:m_digifin_leakdetect_reading(nodim)=1023        7.573 secs ago
   sensor:m_iridium_attempt_num(nodim)=2           90.657 secs ago
   sensor:m_iridium_signal_strength(nodim)=5       74.661 secs ago
   sensor:m_leakdetect_voltage(volts)=2.47851037851038         3.17 secs ago
   sensor:m_leakdetect_voltage_forward(volts)=2.48070818070818        3.135 secs ago
   sensor:m_leakdetect_voltage_science(volts)=2.48137973137973        3.099 secs ago
   sensor:m_lithium_battery_relative_charge(%)=99.4017413953488        3.367 secs ago
   sensor:m_tot_num_inflections(nodim)=9402       405.568 secs ago
   sensor:m_vacuum(inHg)=8.94723091575092           3.233 secs ago
   sensor:m_water_vx(m/s)=-0.020491082796414      341.496 secs ago
   sensor:m_water_vy(m/s)=-0.070891643382125        341.5 secs ago
   sensor:u_alt_min_depth(m)=2                     1e+308 secs ago
   sensor:u_use_current_correction(nodim)=1        1e+308 secs ago
   sensor:x_last_wpt_lat(lat)=5949.17             417.531 secs ago
   sensor:x_last_wpt_lon(lon)=2317.89             417.535 secs ago
devices:(t/m/s) errs:   0/   0/   0 warn:   0/   0/   0 odd:  16/  16/   2
ABORT HISTORY: total since reset: 0

   Hit Control-R to RESUME the mission, i.e. dive!
   Hit Control-C to END    the mission, i.e. GliderDos
   Hit Control-E to extend surface time by 5 minutes.
   Hit Control-W to get device warning reports.
   Hit Control-F to re-read yo, goto_l, surface, sample, drift_ mafiles.
   Hit H <n> <0:1> to Hangup and call back in <n> minutes at 0-primary 1-alternate number.
   Hit S [-f={rf}|{irid] [-num=<n>] [-t=<s>] [filespec ...] to send log files
   Hit ! <GliderDos cmd>  to execute <GliderDos cmd>
   Hit Control-T to consci to science computer when comms ready:
                                               ... communications ready for consci.

Water Velocity Calculations waiting for final gps fix(ideally -281 secs)
Waypoint: (5949.1700,2318.0000) Range: 93m, Bearing: 65deg, Age: 0:6h:m
Time until diving is: 19 secs
:OOD:digifin_mgr_ctrl:OUT OF DEADBAND: M_FIN:-0.1216 C_FIN:0.0000
s *.scd *.tcd -num=3

--------------------------------
  9658 92 01690008.mcg LOG FILE CLOSED
SCIENCE DATA LOGGING: science IS running
CONSCI REQUESTED (using IRIDIUM as console)
ASKING SCIENCE COMPUTER TO SWITCH TO COMMAND MODE via IRIDIUM
SWITCHING TO SCIENCE COMMAND MODE over IRIDIUM
Normal operation resumes when:
    SciDos> QUIT              -or-
    Lose CD (unplug freewave/hangup iridium) -or-
    run longer than U_SCI_CMD_MAX_CONSCI_TIME(3600)s
  9667 95 Neutering the Freewave Console
SCI: Implicitly limiting total transfer to 1800 secs, representing 180 KB total size
SCI: Enumerating and selecting files
About to send 3 files
Prechecking is not necessary for this invocation
START
**B00000000000000
Starting zModem transfer of 01690008.tcd to/from koskelo size is 424
Total Bytes sent/received: 424
zModem transfer DONE for file 01690008.tcd

Starting zModem transfer of 01690007.tcd to/from koskelo size is 423
Total Bytes sent/received: 423
zModem transfer DONE for file 01690007.tcd

Starting zModem transfer of 01690006.tcd to/from koskelo size is 396
Total Bytes sent/received: 396
zModem transfer DONE for file 01690006.tcd
 9696  1 Freewave console restored
REVERTING FROM SCIENCE COMMAND MODE
