Connection Event: Carrier Detect found. 12522    Iridium console active and ready...
Vehicle Name: koskelo
Curr Time: Fri Nov 10 19:01:30 2023 MT:   12522
DR  Location:  5944.209 N  2313.848 E measured     40.568 secs ago
GPS TooFar:   69696969.000 N 69696969.000 E measured     1e+308 secs ago
GPS Invalid :  5944.255 N  2313.933 E measured     110.73 secs ago
GPS Location:  5944.209 N  2313.848 E measured      40.77 secs ago
   sensor:c_autoballast_state(enum)=0              1e+308 secs ago
   sensor:c_climb_bpump(X)=1000                    1e+308 secs ago
   sensor:c_dive_bpump(X)=-1000                    1e+308 secs ago
   sensor:c_iridium_current_num(enum)=1            36.024 secs ago
   sensor:c_wpt_lat(lat)=5944.13                  9009.92 secs ago
   sensor:c_wpt_lon(lon)=2313.69                  9009.92 secs ago
   sensor:m_battery(volts)=16.2769633111562         31.78 secs ago
   sensor:m_bms_aft_current(amp)=0.26844            3.909 secs ago
   sensor:m_bms_ebay_current(amp)=-0.000937          3.94 secs ago
   sensor:m_bms_pitch_current(amp)=0.198436         3.971 secs ago
   sensor:m_coulomb_amphr(amp-hrs)=11.055059        3.828 secs ago
   sensor:m_coulomb_amphr_total(amp-hrs)=11.341311        3.832 secs ago
   sensor:m_digifin_leakdetect_reading(nodim)=1022         0.07 secs ago
   sensor:m_iridium_attempt_num(nodim)=1           36.063 secs ago
   sensor:m_iridium_signal_strength(nodim)=4       24.077 secs ago
   sensor:m_leakdetect_voltage(volts)=2.47802197802198       43.808 secs ago
   sensor:m_leakdetect_voltage_forward(volts)=2.48089133089133       43.773 secs ago
   sensor:m_leakdetect_voltage_science(volts)=2.48168498168498       43.737 secs ago
   sensor:m_lithium_battery_relative_charge(%)=94.724971627907        3.862 secs ago
   sensor:m_tot_num_inflections(nodim)=9684        116.68 secs ago
   sensor:m_vacuum(inHg)=7.10479604395604         118.124 secs ago
   sensor:m_water_vx(m/s)=0.052779727471975        44.674 secs ago
   sensor:m_water_vy(m/s)=0.002352357001847        44.678 secs ago
   sensor:u_alt_min_depth(m)=2                     1e+308 secs ago
   sensor:u_use_current_correction(nodim)=1        1e+308 secs ago
   sensor:x_last_wpt_lat(lat)=5944.71             9010.01 secs ago
   sensor:x_last_wpt_lon(lon)=2314.05             9010.01 secs ago
 12522    No login script found for processing.
:OOD:digifin_mgr_ctrl:OUT OF DEADBAND: M_FIN:-0.0897 C_FIN:0.0000




Glider koskelo at surface.
Because:pitch not commanded [behavior surface_4 start_when = 2.0]
MissionName:vm2023.mi MissionNum:koskelo-2023-313-3-2 (0174.0002)
Vehicle Name: koskelo
Curr Time: Fri Nov 10 19:01:50 2023 MT:   12542
DR  Location:  5944.209 N  2313.848 E measured     60.164 secs ago
GPS TooFar:   69696969.000 N 69696969.000 E measured     1e+308 secs ago
GPS Invalid :  5944.255 N  2313.933 E measured    130.326 secs ago
GPS Location:  5944.209 N  2313.848 E measured     60.366 secs ago
   sensor:c_autoballast_state(enum)=0              1e+308 secs ago
   sensor:c_climb_bpump(X)=1000                    1e+308 secs ago
   sensor:c_dive_bpump(X)=-1000                    1e+308 secs ago
   sensor:c_iridium_current_num(enum)=1             55.62 secs ago
   sensor:c_wpt_lat(lat)=5944.13                  9029.51 secs ago
   sensor:c_wpt_lon(lon)=2313.69                  9029.52 secs ago
   sensor:m_battery(volts)=16.2769633111562        51.376 secs ago
   sensor:m_bms_aft_current(amp)=0.32656            3.518 secs ago
   sensor:m_bms_ebay_current(amp)=-0.000937         3.548 secs ago
   sensor:m_bms_pitch_current(amp)=0.245624          3.58 secs ago
   sensor:m_coulomb_amphr(amp-hrs)=11.0575          3.436 secs ago
   sensor:m_coulomb_amphr_total(amp-hrs)=11.343752         3.44 secs ago
   sensor:m_digifin_leakdetect_reading(nodim)=1021        3.668 secs ago
   sensor:m_iridium_attempt_num(nodim)=1           55.659 secs ago
   sensor:m_iridium_signal_strength(nodim)=4       43.673 secs ago
   sensor:m_leakdetect_voltage(volts)=2.47802197802198       63.404 secs ago
   sensor:m_leakdetect_voltage_forward(volts)=2.48089133089133       63.368 secs ago
   sensor:m_leakdetect_voltage_science(volts)=2.48168498168498       63.333 secs ago
   sensor:m_lithium_battery_relative_charge(%)=94.7238362790698         3.47 secs ago
   sensor:m_tot_num_inflections(nodim)=9684       136.276 secs ago
   sensor:m_vacuum(inHg)=8.63773699633699          15.365 secs ago
   sensor:m_water_vx(m/s)=0.052779727471975         64.27 secs ago
   sensor:m_water_vy(m/s)=0.002352357001847        64.273 secs ago
   sensor:u_alt_min_depth(m)=2                     1e+308 secs ago
   sensor:u_use_current_correction(nodim)=1        1e+308 secs ago
   sensor:x_last_wpt_lat(lat)=5944.71              9029.6 secs ago
   sensor:x_last_wpt_lon(lon)=2314.05              9029.6 secs ago
devices:(t/m/s) errs:   0/   0/   0 warn:  11/   1/   0 odd:  94/   9/   1
ABORT HISTORY: total since reset: 0

   Hit Control-R to RESUME the mission, i.e. dive!
   Hit Control-C to END    the mission, i.e. GliderDos
   Hit Control-E to extend surface time by 5 minutes.
   Hit Control-W to get device warning reports.
   Hit Control-F to re-read yo, goto_l, surface, sample, drift_ mafiles.
   Hit H <n> <0:1> to Hangup and call back in <n> minutes at 0-primary 1-alternate number.
   Hit S [-f={rf}|{irid] [-num=<n>] [-t=<s>] [filespec ...] to send log files
   Hit ! <GliderDos cmd>  to execute <GliderDos cmd>
   Hit Control-T to consci to science computer when comms ready:
                                               ... communications ready for consci.

Water Velocity Calculations COMPLETE
Waypoint: (5944.1300,2313.6900) Range: 208m, Bearing: 216deg, Age: 2:30h:m
Time until diving is: 236 secs
:OOD:digifin_mgr_ctrl:OUT OF DEADBAND: M_FIN:-0.0261 C_FIN:0.0000
:OOD:digifin_mgr_ctrl:OUT OF DEADBAND: M_FIN:0.0984 C_FIN:0.0000
:OOD:digifin_mgr_ctrl:OUT OF DEADBAND: M_FIN:0.0261 C_FIN:0.0000
^R 12562 31 behavior surface_4: User typed Control-R, resuming


   I heard a Control-R
   RESUMING MISSION

 12562    01740002.mcg LOG FILE CLOSED
Doing system wide housekeeping.......
report_heap_size(): M_FREE_HEAP=246.6K(252564 bytes)
                    M_MIN_FREE_HEAP=163.8K(167724 bytes)
                    M_SRAM_FREE_HEAP=1293.2K(1324272 bytes)
                    M_SRAM_MIN_FREE_HEAP=1162.2K(1190072 bytes)
Running algorithm to free disk space if required
Not necessary to delete any files at this time
Scanning free space...
Megabytes used      on c: = 576.843750
Megabytes available on c: = 7298.156250
Megabytes used      on w: = 0.021973
Megabytes available on w: = 0.978027
Writing longterm state disk file: c:/state/longterm.sta
   f_ocean_pressure_min(volts) 0.097775
   m_avg_climb_rate(m/s) -0.179479
   m_avg_speed(m/s) 0.268894
   m_avg_upward_inflection_time(sec) 29.117232
   m_battery(volts) 16.273324
   m_coulomb_amphr_total(amp-hrs) 11.347414
   m_iridium_call_num(nodim) 1164.000000
   m_iridium_dialed_num(nodim) 1849.000000
   m_lat(lat) 5944.208600
   m_lon(lon) 2313.847700
   m_pump_effective_num_cycles(nodim) 669.247934
   m_tot_ballast_pumped_energy(kjoules) 1565.929479
   m_tot_horz_dist(km) 1088.431870
   m_tot_num_inflections(nodim) 9684.000000
   m_tot_num_thermal_valve_cmd(nodim) 0.000000
   m_weight_drop(bool) 0.000000
   s_water_depth_avg(m) 200.000000
   s_water_depth_delta(m) 0.000000
   s_water_depth_wavelength(m) 100.000000
   x_hover_ballast_deep(cc) 107.843490
   x_hover_ballast_shallow(cc) 4.835795
   x_hover_depth_deep(m) 22.016749
   x_hover_depth_shallow(m) 5.190226
   x_last_wpt_lat(lat) 5944.710000
   x_last_wpt_lon(lon) 2314.050000
Houseke