Connection Event: Carrier Detect found. 25648    Iridium console active and ready...
Vehicle Name: koskelo
Curr Time: Fri Nov 10 22:40:22 2023 MT:   25648
DR  Location:  5944.396 N  2313.845 E measured     48.579 secs ago
GPS TooFar:   69696969.000 N 69696969.000 E measured     1e+308 secs ago
GPS Invalid :  5944.377 N  2313.863 E measured    128.711 secs ago
GPS Location:  5944.396 N  2313.845 E measured     48.602 secs ago
   sensor:c_autoballast_state(enum)=0              1e+308 secs ago
   sensor:c_climb_bpump(X)=1000                    1e+308 secs ago
   sensor:c_dive_bpump(X)=-1000                    1e+308 secs ago
   sensor:c_iridium_current_num(enum)=0            40.036 secs ago
   sensor:c_wpt_lat(lat)=5944.71                  1758.16 secs ago
   sensor:c_wpt_lon(lon)=2314.05                  1758.16 secs ago
   sensor:m_battery(volts)=16.2621306931654         3.744 secs ago
   sensor:m_bms_aft_current(amp)=0.27812            3.932 secs ago
   sensor:m_bms_ebay_current(amp)=-0.000937         3.963 secs ago
   sensor:m_bms_pitch_current(amp)=0.2375           3.995 secs ago
   sensor:m_coulomb_amphr(amp-hrs)=12.2013          3.851 secs ago
   sensor:m_coulomb_amphr_total(amp-hrs)=12.487552        3.855 secs ago
   sensor:m_digifin_leakdetect_reading(nodim)=1021        4.082 secs ago
   sensor:m_iridium_attempt_num(nodim)=1           40.076 secs ago
   sensor:m_iridium_signal_strength(nodim)=4       28.088 secs ago
   sensor:m_leakdetect_voltage(volts)=2.47820512820513       35.827 secs ago
   sensor:m_leakdetect_voltage_forward(volts)=2.48107448107448       35.792 secs ago
   sensor:m_leakdetect_voltage_science(volts)=2.48189865689866       35.756 secs ago
   sensor:m_lithium_battery_relative_charge(%)=94.1918362790698        3.885 secs ago
   sensor:m_tot_num_inflections(nodim)=9720       144.696 secs ago
   sensor:m_vacuum(inHg)=7.86805670329671          95.739 secs ago
   sensor:m_water_vx(m/s)=0.057070345554598        48.685 secs ago
   sensor:m_water_vy(m/s)=0.046253741676104        48.689 secs ago
   sensor:u_alt_min_depth(m)=2                     1e+308 secs ago
   sensor:u_use_current_correction(nodim)=1        1e+308 secs ago
   sensor:x_last_wpt_lat(lat)=5944.13             1758.24 secs ago
   sensor:x_last_wpt_lon(lon)=2313.69             1758.25 secs ago
 25648    No login script found for processing.




Glider koskelo at surface.
Because:pitch not commanded [behavior surface_4 start_when = 2.0]
MissionName:vm2023.mi MissionNum:koskelo-2023-313-3-6 (0174.0006)
Vehicle Name: koskelo
Curr Time: Fri Nov 10 22:40:38 2023 MT:   25664
DR  Location:  5944.396 N  2313.845 E measured     64.069 secs ago
GPS TooFar:   69696969.000 N 69696969.000 E measured     1e+308 secs ago
GPS Invalid :  5944.377 N  2313.863 E measured    144.201 secs ago
GPS Location:  5944.396 N  2313.845 E measured     64.092 secs ago
   sensor:c_autoballast_state(enum)=0              1e+308 secs ago
   sensor:c_climb_bpump(X)=1000                    1e+308 secs ago
   sensor:c_dive_bpump(X)=-1000                    1e+308 secs ago
   sensor:c_iridium_current_num(enum)=0            55.526 secs ago
   sensor:c_wpt_lat(lat)=5944.71                  1773.65 secs ago
   sensor:c_wpt_lon(lon)=2314.05                  1773.65 secs ago
   sensor:m_battery(volts)=16.2621306931654        19.234 secs ago
   sensor:m_bms_aft_current(amp)=0.325624           3.422 secs ago
   sensor:m_bms_ebay_current(amp)=-0.000937         3.453 secs ago
   sensor:m_bms_pitch_current(amp)=0.285            3.484 secs ago
   sensor:m_coulomb_amphr(amp-hrs)=12.20252          3.34 secs ago
   sensor:m_coulomb_amphr_total(amp-hrs)=12.488772        3.344 secs ago
   sensor:m_digifin_leakdetect_reading(nodim)=1007        3.572 secs ago
   sensor:m_iridium_attempt_num(nodim)=1           55.565 secs ago
   sensor:m_iridium_signal_strength(nodim)=4       43.578 secs ago
   sensor:m_leakdetect_voltage(volts)=2.47820512820513       51.317 secs ago
   sensor:m_leakdetect_voltage_forward(volts)=2.48107448107448       51.282 secs ago
   sensor:m_leakdetect_voltage_science(volts)=2.48189865689866       51.246 secs ago
   sensor:m_lithium_battery_relative_charge(%)=94.1912688372093        3.374 secs ago
   sensor:m_tot_num_inflections(nodim)=9720       160.186 secs ago
   sensor:m_vacuum(inHg)=7.86805670329671         111.229 secs ago
   sensor:m_water_vx(m/s)=0.057070345554598        64.175 secs ago
   sensor:m_water_vy(m/s)=0.046253741676104        64.179 secs ago
   sensor:u_alt_min_depth(m)=2                     1e+308 secs ago
   sensor:u_use_current_correction(nodim)=1        1e+308 secs ago
   sensor:x_last_wpt_lat(lat)=5944.13             1773.73 secs ago
   sensor:x_last_wpt_lon(lon)=2313.69             1773.74 secs ago
devices:(t/m/s) errs:   0/   0/   0 warn:  12/   2/   0 odd:  99/  14/   1
ABORT HISTORY: total since reset: 0

   Hit Control-R to RESUME the mission, i.e. dive!
   Hit Control-C to END    the mission, i.e. GliderDos
   Hit Control-E to extend surface time by 5 minutes.
   Hit Control-W to get device warning reports.
   Hit Control-F to re-read yo, goto_l, surface, sample, drift_ mafiles.
   Hit H <n> <0:1> to Hangup and call back in <n> minutes at 0-primary 1-alternate number.
   Hit S [-f={rf}|{irid] [-num=<n>] [-t=<s>] [filespec ...] to send log files
   Hit ! <GliderDos cmd>  to execute <GliderDos cmd>
   Hit Control-T to consci to science computer when comms ready:
                                               ... communications ready for consci.

Water Velocity Calculations COMPLETE
Waypoint: (5944.7100,2314.0500) Range: 614m, Bearing: 9deg, Age: 0:29h:m
Time until diving is: 236 secs
^R 25679  0 behavior surface_4: User typed Control-R, resuming


   I heard a Control-R
   RESUMING MISSION

 25680    01740006.mcg LOG FILE CLOSED
Doing system wide housekeeping.......
report_heap_size(): M_FREE_HEAP=246.6K(252544 bytes)
                    M_MIN_FREE_HEAP=163.8K(167724 bytes)
                    M_SRAM_FREE_HEAP=1293.2K(1324272 bytes)
                    M_SRAM_MIN_FREE_HEAP=1162.2K(1190072 bytes)
Running algorithm to free disk space if required
Not necessary to delete any files at this time
Scanning free space...
Megabytes used      on c: = 578.468750
Megabytes available on c: = 7296.531250
Megabytes used      on w: = 0.021973
Megabytes available on w: = 0.978027
Writing longterm state disk file: c:/state/longterm.sta
   f_ocean_pressure_min(volts) 0.097711
   m_avg_climb_rate(m/s) -0.151559
   m_avg_speed(m/s) 0.266906
   m_avg_upward_inflection_time(sec) 27.471471
   m_battery(volts) 16.262131
   m_coulomb_amphr_total(amp-hrs) 12.492432
   m_iridium_call_num(nodim) 1168.000000
   m_iridium_dialed_num(nodim) 1854.000000
   m_lat(lat) 5944.395700
   m_lon(lon) 2313.845100
   m_pump_effective_num_cycles(nodim) 671.529501
   m_tot_ballast_pumped_energy(kjoules) 1571.012682
   m_tot_horz_dist(km) 1091.499158
   m_tot_num_inflections(nodim) 9720.000000
   m_tot_num_thermal_valve_cmd(nodim) 0.000000
   m_weight_drop(bool) 0.000000
   s_water_depth_avg(m) 200.000000
   s_water_depth_delta(m) 0.000000
   s_water_depth_wavelength(m) 100.000000
   x_hover_ballast_deep(cc) 107.843490
   x_hover_ballast_shallow(cc) 4.835795
   x_hover_depth_deep(m) 22.016749
   x_hover_depth_shallow(m) 5.190226
   x_last_wpt_lat(l