Connection Event: Carrier Detect found.  4010    Iridium console active and ready...
Vehicle Name: koskelo
Curr Time: Fri Nov 10 01:48:42 2023 MT:    4010
DR  Location:  5944.543 N  2314.045 E measured     84.641 secs ago
GPS TooFar:   69696969.000 N 69696969.000 E measured     1e+308 secs ago
GPS Invalid :  5944.628 N  2314.110 E measured    153.846 secs ago
GPS Location:  5944.543 N  2314.045 E measured      84.73 secs ago
   sensor:c_autoballast_state(enum)=0              1e+308 secs ago
   sensor:c_climb_bpump(X)=1000                    1e+308 secs ago
   sensor:c_dive_bpump(X)=-1000                    1e+308 secs ago
   sensor:c_iridium_current_num(enum)=0            1e+308 secs ago
   sensor:c_wpt_lat(lat)=5944.13                   1057.2 secs ago
   sensor:c_wpt_lon(lon)=2313.69                   1057.2 secs ago
   sensor:m_battery(volts)=16.3260981386126         3.772 secs ago
   sensor:m_bms_aft_current(amp)=0.253748            3.91 secs ago
   sensor:m_bms_ebay_current(amp)=-0.000937         3.941 secs ago
   sensor:m_bms_pitch_current(amp)=0.219688         3.972 secs ago
   sensor:m_coulomb_amphr(amp-hrs)=5.57996          3.829 secs ago
   sensor:m_coulomb_amphr_total(amp-hrs)=5.86621199999998        3.833 secs ago
   sensor:m_digifin_leakdetect_reading(nodim)=1022        0.071 secs ago
   sensor:m_iridium_attempt_num(nodim)=3           56.075 secs ago
   sensor:m_iridium_signal_strength(nodim)=5       44.069 secs ago
   sensor:m_leakdetect_voltage(volts)=2.47851037851038       39.718 secs ago
   sensor:m_leakdetect_voltage_forward(volts)=2.48116605616606       39.683 secs ago
   sensor:m_leakdetect_voltage_science(volts)=2.48128815628816       39.648 secs ago
   sensor:m_lithium_battery_relative_charge(%)=97.2715293023256        3.863 secs ago
   sensor:m_tot_num_inflections(nodim)=9538       160.753 secs ago
   sensor:m_vacuum(inHg)=8.64956263736264          39.781 secs ago
   sensor:m_water_vx(m/s)=0.037875784989283        88.747 secs ago
   sensor:m_water_vy(m/s)=-0.035558731456364       88.751 secs ago
   sensor:u_alt_min_depth(m)=2                     1e+308 secs ago
   sensor:u_use_current_correction(nodim)=1        1e+308 secs ago
   sensor:x_last_wpt_lat(lat)=5944.71             1057.29 secs ago
   sensor:x_last_wpt_lon(lon)=2314.05             1057.29 secs ago
  4010    No login script found for processing.
:OOD:digifin_mgr_ctrl:OUT OF DEADBAND: M_FIN:0.1737 C_FIN:0.0000




Glider koskelo at surface.
Because:pitch not commanded [behavior surface_4 start_when = 2.0]
MissionName:vm2023.mi MissionNum:koskelo-2023-313-0-0 (0171.0000)
Vehicle Name: koskelo
Curr Time: Fri Nov 10 01:49:18 2023 MT:    4046
DR  Location:  5944.543 N  2314.045 E measured    120.825 secs ago
GPS TooFar:   69696969.000 N 69696969.000 E measured     1e+308 secs ago
GPS Invalid :  5944.628 N  2314.110 E measured    190.031 secs ago
GPS Location:  5944.543 N  2314.045 E measured    120.914 secs ago
   sensor:c_autoballast_state(enum)=0              1e+308 secs ago
   sensor:c_climb_bpump(X)=1000                    1e+308 secs ago
   sensor:c_dive_bpump(X)=-1000                    1e+308 secs ago
   sensor:c_iridium_current_num(enum)=0            1e+308 secs ago
   sensor:c_wpt_lat(lat)=5944.13                  1093.38 secs ago
   sensor:c_wpt_lon(lon)=2313.69                  1093.39 secs ago
   sensor:m_battery(volts)=16.3260981386126        39.956 secs ago
   sensor:m_bms_aft_current(amp)=0.1925             3.424 secs ago
   sensor:m_bms_ebay_current(amp)=-0.000937         3.455 secs ago
   sensor:m_bms_pitch_current(amp)=0.165628         3.486 secs ago
   sensor:m_coulomb_amphr(amp-hrs)=5.584968         3.343 secs ago
   sensor:m_coulomb_amphr_total(amp-hrs)=5.87121999999998        3.347 secs ago
   sensor:m_digifin_leakdetect_reading(nodim)=1021        3.574 secs ago
   sensor:m_iridium_attempt_num(nodim)=3           92.259 secs ago
   sensor:m_iridium_signal_strength(nodim)=5       80.253 secs ago
   sensor:m_leakdetect_voltage(volts)=2.47844932844933       11.319 secs ago
   sensor:m_leakdetect_voltage_forward(volts)=2.48122710622711       11.284 secs ago
   sensor:m_leakdetect_voltage_science(volts)=2.48174603174603       11.249 secs ago
   sensor:m_lithium_battery_relative_charge(%)=97.2692        3.378 secs ago
   sensor:m_tot_num_inflections(nodim)=9538       196.937 secs ago
   sensor:m_vacuum(inHg)=8.64956263736264          75.965 secs ago
   sensor:m_water_vx(m/s)=0.037875784989283       124.931 secs ago
   sensor:m_water_vy(m/s)=-0.035558731456364      124.935 secs ago
   sensor:u_alt_min_depth(m)=2                     1e+308 secs ago
   sensor:u_use_current_correction(nodim)=1        1e+308 secs ago
   sensor:x_last_wpt_lat(lat)=5944.71             1093.47 secs ago
   sensor:x_last_wpt_lon(lon)=2314.05             1093.48 secs ago
devices:(t/m/s) errs:   0/   0/   0 warn:   6/   0/   0 odd:  52/  10/  10
ABORT HISTORY: total since reset: 0

   Hit Control-R to RESUME the mission, i.e. dive!
   Hit Control-C to END    the mission, i.e. GliderDos
   Hit Control-E to extend surface time by 5 minutes.
   Hit Control-W to get device warning reports.
   Hit Control-F to re-read yo, goto_l, surface, sample, drift_ mafiles.
   Hit H <n> <0:1> to Hangup and call back in <n> minutes at 0-primary 1-alternate number.
   Hit S [-f={rf}|{irid] [-num=<n>] [-t=<s>] [filespec ...] to send log files
   Hit ! <GliderDos cmd>  to execute <GliderDos cmd>
   Hit Control-T to consci to science computer when comms ready:
                                               ... communications ready for consci.

Water Velocity Calculations COMPLETE
Waypoint: (5944.1300,2313.6900) Range: 835m, Bearing: 194deg, Age: 0:18h:m
Time until diving is: 175 secs
:OOD:digifin_mgr_ctrl:OUT OF DEADBAND: M_FIN:-0.0637 C_FIN:0.0000
:OOD:digifin_mgr_ctrl:OUT OF DEADBAND: M_FIN:-0.1187 C_FIN:0.0000
^R  4066 13 behavior surface_4: User typed Control-R, resuming


   I heard a Control-R
   RESUMING MISSION

  4066    01710000.mcg LOG FILE CLOSED
Doing system wide housekeeping.......
report_heap_size(): M_FREE_HEAP=246.6K(252564 bytes)
                    M_MIN_FREE_HEAP=163.8K(167724 bytes)
                    M_SRAM_FREE_HEAP=1293.2K(1324272 bytes)
                    M_SRAM_MIN_FREE_HEAP=1162.2K(1190072 bytes)
Running algorithm to free disk space if required
Not necessary to delete any files at this time
Scanning free space...
Megabytes used      on c: = 569.375000
Megabytes available on c: = 7305.625000
Megabytes used      on w: = 0.021973
Megabytes available on w: = 0.978027
Writing longterm state disk file: c:/state/longterm.sta
   f_ocean_pressure_min(volts) 0.098010
   m_avg_climb_rate(m/s) -0.175045
   m_avg_speed(m/s) 0.270753
   m_avg_upward_inflection_time(sec) 29.923071
   m_battery(volts) 16.326098
   m_coulomb_amphr_total(amp-hrs) 5.874996
   m_iridium_call_num(nodim) 1147.000000
   m_iridium_dialed_num(nodim) 1823.000000
   m_lat(lat) 5944.542700
   m_lon(lon) 2314.044800
   m_pump_effective_num_cycles(nodim) 660.030293
   m_tot_ballast_pumped_energy(kjoules) 1545.427717
   m_tot_horz_dist(km) 1075.451220
   m_tot_num_inflections(nodim) 9538.000000
   m_tot_num_thermal_valve_cmd(nodim) 0.000000
   m_weight_drop(bool) 0.000000
   s_water_depth_avg(m) 200.000000
   s_water_depth_delta(m) 0.000000
   s_water_depth_wavelength(m) 100.000000
   x_hover_ballast_deep(cc) 4.835795
   x_hover_ballast_shallow(cc) 0.000000
   x_hover_depth_deep(m) 5.190226
   x_hover_depth_shallow(m) 0.000000
   x_last_wpt_lat(lat) 5944.710000
   x_last_wpt_lon(lon) 2314.050000
Housekeeping is done
  4076 15 01710001.mcg LOG FILE OPENED
  4076    init_gps_input()
  4076    behavior surface_4: SUBSTATE 7 ->9 : Turning on thruster burst
surface_4: Turning thruster on: 6.0 V.

  4076    sensor: c_thruster_on = 36.7843886874755 %
  4077 16 sensor: c_thruster_on = 36.8105769956816 %
  4081 17 sensor: c_thruster_on = 36.8105769956816 %
  4085 18 sensor: c_thruster_on = 36.8105769956816 %
  4085    sensor: m_thruster_cur