20108    Iridium console active and ready...
Vehicle Name: koskelo
Curr Time: Thu Nov  9 19:16:21 2023 MT:   20108
DR  Location:  5947.376 N  2316.075 E measured     44.698 secs ago
GPS TooFar:   69696969.000 N 69696969.000 E measured     1e+308 secs ago
GPS Invalid :  5947.666 N  2316.262 E measured    114.976 secs ago
GPS Location:  5947.376 N  2316.075 E measured     47.636 secs ago
   sensor:c_autoballast_state(enum)=0              1e+308 secs ago
   sensor:c_climb_bpump(X)=1000                    1e+308 secs ago
   sensor:c_dive_bpump(X)=-1000                    1e+308 secs ago
   sensor:c_iridium_current_num(enum)=1           14898.6 secs ago
   sensor:c_wpt_lat(lat)=5946.8                   1165.79 secs ago
   sensor:c_wpt_lon(lon)=2315.89                   1165.8 secs ago
   sensor:m_battery(volts)=16.3587082780042         27.85 secs ago
   sensor:m_bms_aft_current(amp)=0.271248           4.039 secs ago
   sensor:m_bms_ebay_current(amp)=-0.000937          4.07 secs ago
   sensor:m_bms_pitch_current(amp)=0.226248         4.102 secs ago
   sensor:m_coulomb_amphr(amp-hrs)=3.47248          3.959 secs ago
   sensor:m_coulomb_amphr_total(amp-hrs)=3.758732        3.962 secs ago
   sensor:m_digifin_leakdetect_reading(nodim)=1021        0.197 secs ago
   sensor:m_iridium_attempt_num(nodim)=1           40.203 secs ago
   sensor:m_iridium_signal_strength(nodim)=5       24.205 secs ago
   sensor:m_leakdetect_voltage(volts)=2.4776862026862       51.837 secs ago
   sensor:m_leakdetect_voltage_forward(volts)=2.48083028083028       51.802 secs ago
   sensor:m_leakdetect_voltage_science(volts)=2.48061660561661       51.767 secs ago
   sensor:m_lithium_battery_relative_charge(%)=98.2517525581395        3.992 secs ago
   sensor:m_tot_num_inflections(nodim)=9470       120.884 secs ago
   sensor:m_vacuum(inHg)=8.09747413919414          55.909 secs ago
   sensor:m_water_vx(m/s)=0.010972673213896        48.804 secs ago
   sensor:m_water_vy(m/s)=-0.045966617799574       48.808 secs ago
   sensor:u_alt_min_depth(m)=2                     1e+308 secs ago
   sensor:u_use_current_correction(nodim)=1        1e+308 secs ago
   sensor:x_last_wpt_lat(lat)=5947.52             1165.88 secs ago
   sensor:x_last_wpt_lon(lon)=2316.2              1165.88 secs ago
 20108    No login script found for processing.
:OOD:digifin_mgr_ctrl:OUT OF DEADBAND: M_FIN:-0.0318 C_FIN:0.0000




Glider koskelo at surface.
Because:pitch not commanded [behavior surface_4 start_when = 2.0]
MissionName:tvr20233.mi MissionNum:koskelo-2023-312-4-11 (0170.0011)
Vehicle Name: koskelo
Curr Time: Thu Nov  9 19:16:37 2023 MT:   20124
DR  Location:  5947.376 N  2316.075 E measured     60.071 secs ago
GPS TooFar:   69696969.000 N 69696969.000 E measured     1e+308 secs ago
GPS Invalid :  5947.666 N  2316.262 E measured    130.348 secs ago
GPS Location:  5947.376 N  2316.075 E measured     63.008 secs ago
   sensor:c_autoballast_state(enum)=0              1e+308 secs ago
   sensor:c_climb_bpump(X)=1000                    1e+308 secs ago
   sensor:c_dive_bpump(X)=-1000                    1e+308 secs ago
   sensor:c_iridium_current_num(enum)=1             14914 secs ago
   sensor:c_wpt_lat(lat)=5946.8                   1181.16 secs ago
   sensor:c_wpt_lon(lon)=2315.89                  1181.17 secs ago
   sensor:m_battery(volts)=16.3587082780042        43.223 secs ago
   sensor:m_bms_aft_current(amp)=0.330312           3.411 secs ago
   sensor:m_bms_ebay_current(amp)=-0.00125          3.442 secs ago
   sensor:m_bms_pitch_current(amp)=0.287808         3.474 secs ago
   sensor:m_coulomb_amphr(amp-hrs)=3.474984          3.33 secs ago
   sensor:m_coulomb_amphr_total(amp-hrs)=3.761236        3.334 secs ago
   sensor:m_digifin_leakdetect_reading(nodim)=1022        7.573 secs ago
   sensor:m_iridium_attempt_num(nodim)=1           55.575 secs ago
   sensor:m_iridium_signal_strength(nodim)=5       39.577 secs ago
   sensor:m_leakdetect_voltage(volts)=2.478663003663        3.306 secs ago
   sensor:m_leakdetect_voltage_forward(volts)=2.48150183150183         3.27 secs ago
   sensor:m_leakdetect_voltage_science(volts)=2.48241758241758        3.235 secs ago
   sensor:m_lithium_battery_relative_charge(%)=98.2505879069767        3.363 secs ago
   sensor:m_tot_num_inflections(nodim)=9470       136.256 secs ago
   sensor:m_vacuum(inHg)=8.09747413919414          71.281 secs ago
   sensor:m_water_vx(m/s)=0.010972673213896        64.176 secs ago
   sensor:m_water_vy(m/s)=-0.045966617799574        64.18 secs ago
   sensor:u_alt_min_depth(m)=2                     1e+308 secs ago
   sensor:u_use_current_correction(nodim)=1        1e+308 secs ago
   sensor:x_last_wpt_lat(lat)=5947.52             1181.25 secs ago
   sensor:x_last_wpt_lon(lon)=2316.2              1181.26 secs ago
devices:(t/m/s) errs:   0/   0/   0 warn:   3/   3/   1 odd:  34/  16/   2
ABORT HISTORY: total since reset: 0

   Hit Control-R to RESUME the mission, i.e. dive!
   Hit Control-C to END    the mission, i.e. GliderDos
   Hit Control-E to extend surface time by 5 minutes.
   Hit Control-W to get device warning reports.
   Hit Control-F to re-read yo, goto_l, surface, sample, drift_ mafiles.
   Hit H <n> <0:1> to Hangup and call back in <n> minutes at 0-primary 1-alternate number.
   Hit S [-f={rf}|{irid] [-num=<n>] [-t=<s>] [filespec ...] to send log files
   Hit ! <GliderDos cmd>  to execute <GliderDos cmd>
   Hit Control-T to consci to science computer when comms ready:
                                               ... communications ready for consci.

Water Velocity Calculations COMPLETE
Waypoint: (5946.8000,2315.8900) Range: 1083m, Bearing: 180deg, Age: 0:19h:m
Time until diving is: 236 secs
:OOD:digifin_mgr_ctrl:OUT OF DEADBAND: M_FIN:-0.1187 C_FIN:0.0000
s *.scd *.tcd -num=3

--------------------------------
 20142  1 01700011.mcg LOG FILE CLOSED
SCIENCE DATA LOGGING: science IS running
:OOD:digifin_mgr_ctrl:OUT OF DEADBAND: M_FIN:0.1737 C_FIN:0.0000
CONSCI REQUESTED (using IRIDIUM as console)
ASKING SCIENCE COMPUTER TO SWITCH TO COMMAND MODE via IRIDIUM
SWITCHING TO SCIENCE COMMAND MODE over IRIDIUM
Normal operation resumes when:
    SciDos> QUIT              -or-
    Lose CD (unplug freewave/hangup iridium) -or-
    run longer than U_SCI_CMD_MAX_CONSCI_TIME(3600)s
 20151  4 Neutering the Freewave Console
SCI: Implicitly limiting total transfer to 1800 secs, representing 180 KB total size
SCI: Enumerating and selecting files
About to send 3 files
Prechecking is not necessary for this invocation
START
**B00000000000000
Starting zModem transfer of 01700011.tcd to/from koskelo size is 8931
Total Bytes sent/received: 1024
Total Bytes sent/received: 2048
Total Bytes sent/received: 3072
Total Bytes sent/received: 4096
Total Bytes sent/received: 5120
Total Bytes sent/received: 6144
Total Bytes sent/received: 7168
Total Bytes sent/received: 8192
Total Bytes sent/received: 8931
zModem transfer DONE for file 01700011.tcd

Starting zModem transfer of 01700010.tcd to/from koskelo size is 367
Total Bytes sent/received: 367
zModem transfer DONE for file 01700010.tcd

Starting zModem transfer of 01690000.tcd to/from koskelo size is 426
Total Bytes sent/received: 426
zModem transfer DONE for file 01690000.tcd
20227 22 Freewave console restored
REVERTING FROM SCIENCE COMMAND MODE
SCIENCE COMMAND MODE TERMINATED because:
   Science Program QUIT (cts lowered)
 20229    GLD: Enumerating and selecting files
*^XB0800000000022d
DEL**^XB080000000002About to send 3 files
Prechecking is not necessary for this invocation
selected IRIDIUM
 20229    save_and_change_sensors()....
          Changed u_use_ctd_depth_for_flying from 0 to 0
          Changed c_science_on from 1 to 0
 20229    save_and_change_sensors()....
          Changed c_science_printout from 0 to 0
Waiting for motors idle
START
**B00000000000000
Starting zModem transfer of 01700011.scd to/from koskelo size is 51231
Total Bytes sent/received: 1024
Total Bytes sent/received: 2048
Total Bytes sent/received: 3072
Total Bytes sent/received: 4096
Total Bytes sent/received: 5120
Total Bytes sent/received: 6144
Total Bytes sent/received: 7168
Total Bytes sent/received: 8192
Total Bytes sent/received: 9216
Total Bytes sent/received: 10240
Total Bytes sent/received: 11264