Connection Event: Carrier Detect found.  7946    Iridium console active and ready...
Vehicle Name: koskelo
Curr Time: Thu Nov  9 11:14:43 2023 MT:    7946
DR  Location:  5949.151 N  2317.911 E measured    206.721 secs ago
GPS TooFar:   69696969.000 N 69696969.000 E measured     1e+308 secs 
<dockserver command="dockzr -archive *">
not found>*<
[dockzr | dockszr] [?][-v N][-nosmartdir][-f rf | irid][-cd dir][-noremove] [-archive]
  [-d <path1>] <file11> <file12> ... <file1N>
  [[-d <path2> <file21> <file22> ... <file2N>] ... ]
</dockserver>
ago
GPS Invalid :  5949.173 N  2317.945 E measured    303.632 secs ago
GPS Location:  5949.151 N  2317.911 E measured    208.895 secs ago
   sensor:c_autoballast_state(enum)=0              1e+308 secs ago
   sensor:c_climb_bpump(X)=1000                    1e+308 secs ago
   sensor:c_dive_bpump(X)=-1000                    1e+308 secs ago
   sensor:c_iridium_current_num(enum)=0           139.276 secs ago
   sensor:c_wpt_lat(lat)=5949.17                   616.66 secs ago
   sensor:c_wpt_lon(lon)=2318                     616.664 secs ago
   sensor:m_battery(volts)=16.4095481837306        19.736 secs ago
   sensor:m_bms_aft_current(amp)=0.196252           3.932 secs ago
   sensor:m_bms_ebay_current(amp)=-0.000937         3.963 secs ago
   sensor:m_bms_pitch_current(amp)=0.177188         3.995 secs ago
   sensor:m_coulomb_amphr(amp-hrs)=0.842504         3.851 secs ago
   sensor:m_coulomb_amphr_total(amp-hrs)=1.128756        3.855 secs ago
   sensor:m_digifin_leakdetect_reading(nodim)=1021         4.08 secs ago
   sensor:m_iridium_attempt_num(nodim)=3           40.074 secs ago
   sensor:m_iridium_signal_strength(nodim)=3       28.088 secs ago
   sensor:m_leakdetect_voltage(volts)=2.47832722832723       15.718 secs ago
   sensor:m_leakdetect_voltage
<dockserver command="dockszr -archive *">
not found>*<
[dockzr | dockszr] [?][-v N][-nosmartdir][-f rf | irid][-cd dir][-noremove] [-archive]
  [-d <path1>] <file11> <file12> ... <file1N>
  [[-d <path2> <file21> <file22> ... <file2N>] ... ]
</dockserver>
_forward(volts)=2.48125763125763       15.683 secs ago
   sensor:m_leakdetect_voltage_science(volts)=2.48122710622711       15.647 secs ago
   sensor:m_lithium_battery_relative_charge(%)=99.4749972093023        3.885 secs ago
   sensor:m_tot_num_inflections(nodim)=9398       328.701 secs ago
   sensor:m_vacuum(inHg)=8.95905655677656          19.744 secs ago
   sensor:m_water_vx(m/s)=-0.03446545708393       210.828 secs ago
   sensor:m_water_vy(m/s)=-0.04587994859084       210.832 secs ago
   sensor:u_alt_min_depth(m)=2                     1e+308 secs ago
   sensor:u_use_current_correction(nodim)=1        1e+308 secs ago
   sensor:x_last_wpt_lat(lat)=5949.17             616.748 secs ago
   sensor:x_last_wpt_lon(lon)=2317.89             616.752 secs ago
  7946    No login script found for processing.
