Connection Event: Carrier Detect found. 11052    Iridium console active and ready...
Vehicle Name: koskelo
Curr Time: Thu Nov  9 12:06:30 2023 MT:   11052
DR  Location:  5949.198 N  2317.929 E measured     44.568 secs ago
GPS TooFar:   69696969.000 N 69696969.000 E measured     1e+308 secs ago
GPS Invalid :  5949.158 N  2317.889 E measured    140.694 secs ago
GPS Location:  5949.198 N  2317.929 E measured     46.282 secs ago
   sensor:c_autoballast_state(enum)=0              1e+308 secs ago
   sensor:c_climb_bpump(X)=1000                    1e+308 secs ago
   sensor:c_dive_bpump(X)=-1000                    1e+308 secs ago
   sensor:c_iridium_current_num(enum)=0           3245.09 secs ago
   sensor:c_wpt_lat(lat)=5949.17                  496.715 secs ago
   sensor:c_wpt_lon(lon)=2317.89                  496.719 secs ago
   sensor:m_battery(volts)=16.4047752704871         59.78 secs ago
   sensor:m_bms_aft_current(amp)=0.264688           3.912 secs ago
   sensor:m_bms_ebay_current(amp)=-0.000937         3.943 secs ago
   sensor:m_bms_pitch_current(amp)=0.234688         3.975 secs ago
   sensor:m_coulomb_amphr(amp-hrs)=1.127508         3.831 secs ago
   sensor:m_coulomb_amphr_total(amp-hrs)=1.41376        3.835 secs ago
   sensor:m_digifin_leakdetect_reading(nodim)=1021         0.07 secs ago
   sensor:m_iridium_attempt_num(nodim)=2           40.074 secs ago
   sensor:m_iridium_signal_strength(nodim)=5       28.067 secs ago
   sensor:m_leakdetect_voltage(volts)=2.47802197802198       59.775 secs ago
   sensor:m_leakdetect_voltage_forward(volts)=2.48095238095238        59.74 secs ago
   sensor:m_leakdetect_voltage_science(volts)=2.48192918192918       59.704 secs ago
   sensor:m_lithium_battery_relative_charge(%)=99.3424372093023        3.865 secs ago
   sensor:m_tot_num_inflections(nodim)=9406       164.752 secs ago
   sensor:m_vacuum(inHg)=8.61070695970696           35.77 secs ago
   sensor:m_water_vx(m/s)=-0.038109496069806       48.675 secs ago
   sensor:m_water_vy(m/s)=-0.049800853524594       48.679 secs ago
   sensor:u_alt_min_depth(m)=2                     1e+308 secs ago
   sensor:u_use_current_correction(nodim)=1        1e+308 secs ago
   sensor:x_last_wpt_lat(lat)=5949.17             496.803 secs ago
   sensor:x_last_wpt_lon(lon)=2318                496.807 secs ago
 11052    No login script found for processing.




Glider koskelo at surface.
Because:pitch not commanded [behavior surface_4 start_when = 2.0]
MissionName:tvr20233.mi MissionNum:koskelo-2023-312-3-10 (0169.0010)
Vehicle Name: koskelo
Curr Time: Thu Nov  9 12:06:47 2023 MT:   11069
DR  Location:  5949.198 N  2317.929 E measured     60.812 secs ago
GPS TooFar:   69696969.000 N 69696969.000 E measured     1e+308 secs ago
GPS Invalid :  5949.158 N  2317.889 E measured    156.937 secs ago
GPS Location:  5949.198 N  2317.929 E measured     62.525 secs ago
   sensor:c_autoballast_state(enum)=0              1e+308 secs ago
   sensor:c_climb_bpump(X)=1000                    1e+308 secs ago
   sensor:c_dive_bpump(X)=-1000                    1e+308 secs ago
   sensor:c_iridium_current_num(enum)=0           3261.34 secs ago
   sensor:c_wpt_lat(lat)=5949.17                  512.959 secs ago
   sensor:c_wpt_lon(lon)=2317.89                  512.962 secs ago
   sensor:m_battery(volts)=16.4035690499097        12.016 secs ago
   sensor:m_bms_aft_current(amp)=0.296872           4.154 secs ago
   sensor:m_bms_ebay_current(amp)=-0.000937         4.185 secs ago
   sensor:m_bms_pitch_current(amp)=0.26688          4.217 secs ago
   sensor:m_coulomb_amphr(amp-hrs)=1.130008         4.074 secs ago
   sensor:m_coulomb_amphr_total(amp-hrs)=1.41626        4.078 secs ago
   sensor:m_digifin_leakdetect_reading(nodim)=987        8.314 secs ago
   sensor:m_iridium_attempt_num(nodim)=2           56.317 secs ago
   sensor:m_iridium_signal_strength(nodim)=5       44.311 secs ago
   sensor:m_leakdetect_voltage(volts)=2.47860195360195       12.011 secs ago
   sensor:m_leakdetect_voltage_forward(volts)=2.48162393162393       11.976 secs ago
   sensor:m_leakdetect_voltage_science(volts)=2.48241758241758       11.941 secs ago
   sensor:m_lithium_battery_relative_charge(%)=99.3412744186047        4.107 secs ago
   sensor:m_tot_num_inflections(nodim)=9406       180.995 secs ago
   sensor:m_vacuum(inHg)=8.61070695970696          52.013 secs ago
   sensor:m_water_vx(m/s)=-0.038109496069806       64.918 secs ago
   sensor:m_water_vy(m/s)=-0.049800853524594       64.922 secs ago
   sensor:u_alt_min_depth(m)=2                     1e+308 secs ago
   sensor:u_use_current_correction(nodim)=1        1e+308 secs ago
   sensor:x_last_wpt_lat(lat)=5949.17             513.046 secs ago
   sensor:x_last_wpt_lon(lon)=2318                 513.05 secs ago
devices:(t/m/s) errs:   0/   0/   0 warn:   0/   0/   0 odd:  16/  16/   0
ABORT HISTORY: total since reset: 0

   Hit Control-R to RESUME the mission, i.e. dive!
   Hit Control-C to END    the mission, i.e. GliderDos
   Hit Control-E to extend surface time by 5 minutes.
   Hit Control-W to get device warning reports.
   Hit Control-F to re-read yo, goto_l, surface, sample, drift_ mafiles.
   Hit H <n> <0:1> to Hangup and call back in <n> minutes at 0-primary 1-alternate number.
   Hit S [-f={rf}|{irid] [-num=<n>] [-t=<s>] [filespec ...] to send log files
   Hit ! <GliderDos cmd>  to execute <GliderDos cmd>
   Hit Control-T to consci to science computer when comms ready:
                                               ... communications ready for consci.

Water Velocity Calculations COMPLETE
Waypoint: (5949.1700,2317.8900) Range: 64m, Bearing: 206deg, Age: 0:8h:m
Time until diving is: 235 secs
s *.scd *.tcd -num=3

--------------------------------
 11095 34 01690010.mcg LOG FILE CLOSED
SCIENCE DATA LOGGING: science IS running
CONSCI REQUESTED (using IRIDIUM as console)
ASKING SCIENCE COMPUTER TO SWITCH TO COMMAND MODE via IRIDIUM
SWITCHING TO SCIENCE COMMAND MODE over IRIDIUM
Normal operation resumes when:
    SciDos> QUIT              -or-
    Lose CD (unplug freewave/hangup iridium) -or-
    run longer than U_SCI_CMD_MAX_CONSCI_TIME(3600)s
 11103 37 Neutering the Freewave Console
SCI: Implicitly limiting total transfer to 1800 secs, representing 180 KB total size
SCI: Enumerating and selecting files
About to send 3 files
Prechecking is not necessary for this invocation
START
**B00000000000000
Starting zModem transfer of 01690010.tcd to/from koskelo size is 424
Total Bytes sent/received: 424
zModem transfer DONE for file 01690010.tcd

Starting zModem transfer of 01690009.tcd to/from koskelo size is 396
Total Bytes sent/received: 396
zModem transfer DONE for file 01690009.tcd

Starting zModem transfer of 01690002.tcd to/from koskelo size is 423
Total Bytes sent/received: 423
zModem transfer DONE for file 01690002.tcd
11149 48 Freewave console restored
REVERTING FROM SCIENCE COMMAND MODE
SCIENCE COMMAND MODE TERMINATED because:
   Science Program QUIT (cts lowered)
 11151    GLD: Enumerating and selecting files
About to send 3 files
Prechecking is not necessary for this invocation
selected IRIDIUM
 11151    save_and_change_sensors()....
          Changed u_use_ctd_depth_for_flying from 0 to 0
          Changed c_science_on from 1 to 0
 11151    save_and_change_sensors()....
          Changed c_science_printout from 0 to 0
Waiting for motors idle
START
**B00000000000000**B
Starting zModem transfer of 01690010.scd to/from koskelo size is 15239
Total Bytes sent/received: 1024
Total Bytes sent/received: 2048
Total Bytes sent/received: 3072
Total Bytes sent/received: 4096
Total Bytes sent/received: 5120
Total Bytes sent/received: 6144
Total Bytes sent/received: 7168
Total Bytes sent/received: 8192
Total Bytes sent/received: 9216
Total Bytes sent/received: 10240
Total Bytes sent/received: 11264
Total Bytes sent/received: 12288
Total Bytes sent/received: 13312