Connection Event: Carrier Detect found.Connection Event: Carrier Detect lost.Connection Event: Carrier Detect found.Connection Event: Carrier Detect lost.Connection Event: Carrier Detect found. 30183    Iridium console active and ready...
Vehicle Name: koskelo
Curr Time: Fri Nov 10 23:56:01 2023 MT:   30183
DR  Location:  5944.466 N  2313.820 E measured     97.337 secs ago
GPS TooFar:   69696969.000 N 69696969.000 E measured     1e+308 secs ago
GPS Invalid :  5944.620 N  2313.903 E measured    176.523 secs ago
GPS Location:  5944.466 N  2313.820 E measured      97.46 secs ago
   sensor:c_autoballast_state(enum)=0              1e+308 secs ago
   sensor:c_climb_bpump(X)=1000                    1e+308 secs ago
   sensor:c_dive_bpump(X)=-1000                    1e+308 secs ago
   sensor:c_iridium_current_num(enum)=0           4575.69 secs ago
   sensor:c_wpt_lat(lat)=5944.13                  2150.64 secs ago
   sensor:c_wpt_lon(lon)=2313.69                  2150.65 secs ago
   sensor:m_battery(volts)=16.2652439798641        36.536 secs ago
   sensor:m_bms_aft_current(amp)=0.218752           4.686 secs ago
   sensor:m_bms_ebay_current(amp)=-0.000937         4.717 secs ago
   sensor:m_bms_pitch_current(amp)=0.1625           4.749 secs ago
   sensor:m_coulomb_amphr(amp-hrs)=12.601208        4.605 secs ago
   sensor:m_coulomb_amphr_total(amp-hrs)=12.88746        4.609 secs ago
   sensor:m_digifin_leakdetect_reading(nodim)=984        4.836 secs ago
   sensor:m_iridium_attempt_num(nodim)=4            36.83 secs ago
   sensor:m_iridium_signal_strength(nodim)=5       20.843 secs ago
   sensor:m_leakdetect_voltage(volts)=2.47847985347985       32.471 secs ago
   sensor:m_leakdetect_voltage_forward(volts)=2.48147130647131       32.436 secs ago
   sensor:m_leakdetect_voltage_science(volts)=2.48183760683761         32.4 secs ago
   sensor:m_lithium_battery_relative_charge(%)=94.0058325581396        4.639 secs ago
   sensor:m_tot_num_inflections(nodim)=9732       185.523 secs ago
   sensor:m_vacuum(inHg)=8.86850593406593          32.534 secs ago
   sensor:m_water_vx(m/s)=0.032876026241021       101.444 secs ago
   sensor:m_water_vy(m/s)=0.037429868059019       101.448 secs ago
   sensor:u_alt_min_depth(m)=2                     1e+308 secs ago
   sensor:u_use_current_correction(nodim)=1        1e+308 secs ago
   sensor:x_last_wpt_lat(lat)=5944.71             2150.73 secs ago
   sensor:x_last_wpt_lon(lon)=2314.05             2150.73 secs ago
 30184    No login script found for processing.
:OOD:digifin_mgr_ctrl:OUT OF DEADBAND: M_FIN:0.0984 C_FIN:0.0000
:OOD:digifin_mgr_ctrl:OUT OF DEADBAND: M_FIN:0.1505 C_FIN:0.0000




Glider koskelo at surface.
Because:pitch not commanded [behavior surface_4 start_when = 2.0]
MissionName:vm2023.mi MissionNum:koskelo-2023-313-3-8 (0174.0008)
Vehicle Name: koskelo
Curr Time: Fri Nov 10 23:56:25 2023 MT:   30207
DR  Location:  5944.466 N  2313.820 E measured    120.827 secs ago
GPS TooFar:   69696969.000 N 69696969.000 E measured     1e+308 secs ago
GPS Invalid :  5944.620 N  2313.903 E measured    200.013 secs ago
GPS Location:  5944.466 N  2313.820 E measured     120.95 secs ago
   sensor:c_autoballast_state(enum)=0              1e+308 secs ago
   sensor:c_climb_bpump(X)=1000                    1e+308 secs ago
   sensor:c_dive_bpump(X)=-1000                    1e+308 secs ago
   sensor:c_iridium_current_num(enum)=0           4599.18 secs ago
   sensor:c_wpt_lat(lat)=5944.13                  2174.13 secs ago
   sensor:c_wpt_lon(lon)=2313.69                  2174.14 secs ago
   sensor:m_battery(volts)=16.2652439798641        60.026 secs ago
   sensor:m_bms_aft_current(amp)=0.201872           3.422 secs ago
   sensor:m_bms_ebay_current(amp)=-0.000937         3.453 secs ago
   sensor:m_bms_pitch_current(amp)=0.173128         3.485 secs ago
   sensor:m_coulomb_amphr(amp-hrs)=12.605112        3.341 secs ago
   sensor:m_coulomb_amphr_total(amp-hrs)=12.891364        3.345 secs ago
   sensor:m_digifin_leakdetect_reading(nodim)=1021        3.572 secs ago
   sensor:m_iridium_attempt_num(nodim)=4            60.32 secs ago
   sensor:m_iridium_signal_strength(nodim)=5       44.333 secs ago
   sensor:m_leakdetect_voltage(volts)=2.47847985347985       55.961 secs ago
   sensor:m_leakdetect_voltage_forward(volts)=2.48147130647131       55.926 secs ago
   sensor:m_leakdetect_voltage_science(volts)=2.48183760683761        55.89 secs ago
   sensor:m_lithium_battery_relative_charge(%)=94.0040167441861        3.375 secs ago
   sensor:m_tot_num_inflections(nodim)=9732       209.013 secs ago
   sensor:m_vacuum(inHg)=8.86850593406593          56.024 secs ago
   sensor:m_water_vx(m/s)=0.032876026241021       124.934 secs ago
   sensor:m_water_vy(m/s)=0.037429868059019       124.938 secs ago
   sensor:u_alt_min_depth(m)=2                     1e+308 secs ago
   sensor:u_use_current_correction(nodim)=1        1e+308 secs ago
   sensor:x_last_wpt_lat(lat)=5944.71             2174.22 secs ago
   sensor:x_last_wpt_lon(lon)=2314.05             2174.22 secs ago
devices:(t/m/s) errs:   0/   0/   0 warn:  12/   2/   0 odd: 100/  15/   1
ABORT HISTORY: total since reset: 0

   Hit Control-R to RESUME the mission, i.e. dive!
   Hit Control-C to END    the mission, i.e. GliderDos
   Hit Control-E to extend surface time by 5 minutes.
   Hit Control-W to get device warning reports.
   Hit Control-F to re-read yo, goto_l, surface, sample, drift_ mafiles.
   Hit H <n> <0:1> to Hangup and call back in <n> minutes at 0-primary 1-alternate number.
   Hit S [-f={rf}|{irid] [-num=<n>] [-t=<s>] [filespec ...] to send log files
   Hit ! <GliderDos cmd>  to execute <GliderDos cmd>
   Hit Control-T to consci to science computer when comms ready:
                                               ... communications ready for consci.

Water Velocity Calculations COMPLETE
Waypoint: (5944.1300,2313.6900) Range: 635m, Bearing: 182deg, Age: 0:36h:m
Time until diving is: 175 secs
:OOD:digifin_mgr_ctrl:OUT OF DEADBAND: M_FIN:0.1129 C_FIN:0.0000
^R 30227 33 behavior surface_4: User typed Control-R, resuming


   I heard a Control-R
   RESUMING MISSION

 30227    01740008.mcg LOG FILE CLOSED
:OOD:digifin_mgr_ctrl:OUT OF DEADBAND: M_FIN:0.0897 C_FIN:0.0000
Doing system wide housekeeping.......
report_heap_size(): M_FREE_HEAP=246.6K(252544 bytes)
                    M_MIN_FREE_HEAP=163.8K(167724 bytes)
                    M_SRAM_FREE_HEAP=1293.2K(1324272 bytes)
                    M_SRAM_MIN_FREE_HEAP=1162.2K(1190072 bytes)
Running algorithm to free disk space if required
Not necessary to delete any files at this time
Scanning free space...
Megabytes used      on c: = 579.093750
Megabytes available on c: = 7295.906250
Megabytes used      on w: = 0.021973
Megabytes available on w: = 0.978027
Writing longterm state disk file: c:/state/longterm.sta
   f_ocean_pressure_min(volts) 0.097711
   m_avg_climb_rate(m/s) -0.172659
   m_avg_speed(m/s) 0.267024
   m_avg_upward_inflection_time(sec) 27.238230
   m_battery(volts) 16.262518
   m_coulomb_amphr_total(amp-hrs) 12.893796
   m_iridium_call_num(nodim) 1171.000000
   m_iridium_dialed_num(nodim) 1857.000000
   m_lat(lat) 5944.465800
   m_lon(lon) 2313.819800
   m_pump_effective_num_cycles(nodim) 672.285550
   m_tot_ballast_pumped_energy(kjoules) 1572.668954
   m_tot_horz_dist(km) 1092.53419